<?xml version="1.0" ?>

<coverage version="7.13.5" timestamp="1777746122663" lines-valid="3072" lines-covered="2043" line-rate="0.665" branches-valid="884" branches-covered="417" branch-rate="0.4717" complexity="0">

	<!-- Generated by coverage.py: https://coverage.readthedocs.io/en/7.13.5 -->

	<!-- Based on https://raw.githubusercontent.com/cobertura/web/master/htdocs/xml/coverage-04.dtd -->

	<sources>

		<source>app</source>

	</sources>

	<packages>

		<package name="." line-rate="0.7344" branch-rate="0.5833" complexity="0">

			<classes>

				<class name="__init__.py" filename="__init__.py" complexity="0" line-rate="1" branch-rate="1">

					<methods/>

					<lines/>

				</class>

				<class name="main.py" filename="main.py" complexity="0" line-rate="0.7344" branch-rate="0.5833">

					<methods/>

					<lines>

						<line number="12" hits="1"/>

						<line number="14" hits="1"/>

						<line number="15" hits="1"/>

						<line number="17" hits="1"/>

						<line number="18" hits="1"/>

						<line number="19" hits="1"/>

						<line number="20" hits="1"/>

						<line number="22" hits="1"/>

						<line number="23" hits="1"/>

						<line number="24" hits="1"/>

						<line number="25" hits="1"/>

						<line number="26" hits="1"/>

						<line number="27" hits="1"/>

						<line number="35" hits="1"/>

						<line number="38" hits="1"/>

						<line number="49" hits="1"/>

						<line number="56" hits="1"/>

						<line number="65" hits="1"/>

						<line number="66" hits="1"/>

						<line number="67" hits="1" branch="true" condition-coverage="100% (2/2)"/>

						<line number="70" hits="1"/>

						<line number="71" hits="1"/>

						<line number="73" hits="1" branch="true" condition-coverage="100% (2/2)"/>

						<line number="74" hits="1" branch="true" condition-coverage="100% (2/2)"/>

						<line number="75" hits="1"/>

						<line number="79" hits="1"/>

						<line number="83" hits="1"/>

						<line number="84" hits="1"/>

						<line number="87" hits="1"/>

						<line number="89" hits="1"/>

						<line number="97" hits="1"/>

						<line number="98" hits="1"/>

						<line number="99" hits="1"/>

						<line number="102" hits="1"/>

						<line number="111" hits="1"/>

						<line number="112" hits="1"/>

						<line number="113" hits="1"/>

						<line number="114" hits="1"/>

						<line number="115" hits="1"/>

						<line number="116" hits="1"/>

						<line number="117" hits="1"/>

						<line number="120" hits="1"/>

						<line number="121" hits="1"/>

						<line number="124" hits="1"/>

						<line number="125" hits="0"/>

						<line number="128" hits="1"/>

						<line number="129" hits="0"/>

						<line number="131" hits="0" branch="true" condition-coverage="0% (0/2)" missing-branches="132,134"/>

						<line number="132" hits="0"/>

						<line number="133" hits="0"/>

						<line number="134" hits="0"/>

						<line number="135" hits="0" branch="true" condition-coverage="0% (0/2)" missing-branches="136,138"/>

						<line number="136" hits="0"/>

						<line number="137" hits="0"/>

						<line number="138" hits="0"/>

						<line number="148" hits="1"/>

						<line number="151" hits="1" branch="true" condition-coverage="50% (1/2)" missing-branches="152"/>

						<line number="152" hits="0"/>

						<line number="153" hits="0"/>

						<line number="154" hits="0"/>

						<line number="155" hits="0"/>

						<line number="156" hits="0"/>

						<line number="157" hits="0"/>

						<line number="158" hits="0"/>

					</lines>

				</class>

			</classes>

		</package>

		<package name="api" line-rate="0.9667" branch-rate="1" complexity="0">

			<classes>

				<class name="__init__.py" filename="api/__init__.py" complexity="0" line-rate="1" branch-rate="1">

					<methods/>

					<lines/>

				</class>

				<class name="deps.py" filename="api/deps.py" complexity="0" line-rate="0.9667" branch-rate="1">

					<methods/>

					<lines>

						<line number="2" hits="1"/>

						<line number="4" hits="1"/>

						<line number="5" hits="1"/>

						<line number="7" hits="1"/>

						<line number="9" hits="1"/>

						<line number="10" hits="1"/>

						<line number="11" hits="1"/>

						<line number="12" hits="1"/>

						<line number="13" hits="1"/>

						<line number="16" hits="1"/>

						<line number="18" hits="1"/>

						<line number="21" hits="1"/>

						<line number="24" hits="1"/>

						<line number="31" hits="1"/>

						<line number="33" hits="1"/>

						<line number="36" hits="1"/>

						<line number="39" hits="1"/>

						<line number="41" hits="0"/>

						<line number="44" hits="1"/>

						<line number="47" hits="1"/>

						<line number="58" hits="1"/>

						<line number="59" hits="1"/>

						<line number="61" hits="1"/>

						<line number="68" hits="1"/>

						<line number="70" hits="1"/>

						<line number="75" hits="1"/>

						<line number="76" hits="1"/>

						<line number="78" hits="1"/>

						<line number="88" hits="1"/>

						<line number="89" hits="1"/>

					</lines>

				</class>

			</classes>

		</package>

		<package name="api.routers" line-rate="0.7328" branch-rate="0.5" complexity="0">

			<classes>

				<class name="__init__.py" filename="api/routers/__init__.py" complexity="0" line-rate="1" branch-rate="1">

					<methods/>

					<lines/>

				</class>

				<class name="admin.py" filename="api/routers/admin.py" complexity="0" line-rate="1" branch-rate="1">

					<methods/>

					<lines>

						<line number="1" hits="1"/>

						<line number="3" hits="1"/>

						<line number="4" hits="1"/>

						<line number="5" hits="1"/>

						<line number="7" hits="1"/>

						<line number="9" hits="1"/>

						<line number="10" hits="1"/>

						<line number="11" hits="1"/>

						<line number="14" hits="1"/>

						<line number="17" hits="1"/>

						<line number="18" hits="1"/>

						<line number="23" hits="1"/>

						<line number="24" hits="1"/>

						<line number="26" hits="1"/>

						<line number="27" hits="1"/>

						<line number="28" hits="1"/>

					</lines>

				</class>

				<class name="auth.py" filename="api/routers/auth.py" complexity="0" line-rate="0.9565" branch-rate="1">

					<methods/>

					<lines>

						<line number="1" hits="1"/>

						<line number="3" hits="1"/>

						<line number="4" hits="1"/>

						<line number="6" hits="1"/>

						<line number="7" hits="1"/>

						<line number="9" hits="1"/>

						<line number="10" hits="1"/>

						<line number="11" hits="1"/>

						<line number="12" hits="1"/>

						<line number="22" hits="1"/>

						<line number="24" hits="1"/>

						<line number="27" hits="1"/>

						<line number="28" hits="1"/>

						<line number="30" hits="1"/>

						<line number="31" hits="1"/>

						<line number="34" hits="1"/>

						<line number="36" hits="1"/>

						<line number="37" hits="1" branch="true" condition-coverage="100% (2/2)"/>

						<line number="38" hits="1"/>

						<line number="39" hits="1"/>

						<line number="40" hits="1"/>

						<line number="41" hits="0"/>

						<line number="42" hits="0"/>

						<line number="43" hits="1"/>

						<line number="44" hits="1"/>

						<line number="47" hits="1"/>

						<line number="48" hits="1"/>

						<line number="50" hits="1"/>

						<line number="51" hits="1"/>

						<line number="52" hits="1"/>

						<line number="54" hits="1" branch="true" condition-coverage="100% (2/2)"/>

						<line number="58" hits="1"/>

						<line number="59" hits="1" branch="true" condition-coverage="100% (2/2)"/>

						<line number="60" hits="1"/>

						<line number="61" hits="1"/>

						<line number="66" hits="1"/>

						<line number="70" hits="1"/>

						<line number="72" hits="1"/>

						<line number="73" hits="1"/>

						<line number="74" hits="1"/>

						<line number="79" hits="1"/>

						<line number="82" hits="1"/>

						<line number="83" hits="1"/>

						<line number="85" hits="1"/>

						<line number="86" hits="1"/>

						<line number="87" hits="1"/>

					</lines>

				</class>

				<class name="config.py" filename="api/routers/config.py" complexity="0" line-rate="0.5547" branch-rate="0.4318">

					<methods/>

					<lines>

						<line number="1" hits="1"/>

						<line number="3" hits="1"/>

						<line number="4" hits="1"/>

						<line number="6" hits="1"/>

						<line number="7" hits="1"/>

						<line number="9" hits="1"/>

						<line number="10" hits="1"/>

						<line number="11" hits="1"/>

						<line number="13" hits="1"/>

						<line number="19" hits="1"/>

						<line number="24" hits="1"/>

						<line number="25" hits="1"/>

						<line number="26" hits="1"/>

						<line number="27" hits="1"/>

						<line number="28" hits="1"/>

						<line number="30" hits="1"/>

						<line number="33" hits="1"/>

						<line number="34" hits="1"/>

						<line number="36" hits="0"/>

						<line number="39" hits="1"/>

						<line number="40" hits="1"/>

						<line number="42" hits="0"/>

						<line number="45" hits="1"/>

						<line number="46" hits="1"/>

						<line number="48" hits="0"/>

						<line number="51" hits="1"/>

						<line number="52" hits="1"/>

						<line number="56" hits="0"/>

						<line number="57" hits="0"/>

						<line number="58" hits="0"/>

						<line number="61" hits="1"/>

						<line number="62" hits="1"/>

						<line number="67" hits="0"/>

						<line number="68" hits="0" branch="true" condition-coverage="0% (0/2)" missing-branches="69,70"/>

						<line number="69" hits="0"/>

						<line number="70" hits="0"/>

						<line number="73" hits="1"/>

						<line number="74" hits="1"/>

						<line number="78" hits="0"/>

						<line number="79" hits="0"/>

						<line number="80" hits="0"/>

						<line number="83" hits="1"/>

						<line number="84" hits="1"/>

						<line number="89" hits="0"/>

						<line number="90" hits="0" branch="true" condition-coverage="0% (0/2)" missing-branches="91,92"/>

						<line number="91" hits="0"/>

						<line number="92" hits="0"/>

						<line number="95" hits="1"/>

						<line number="96" hits="1"/>

						<line number="100" hits="0"/>

						<line number="101" hits="0"/>

						<line number="102" hits="0"/>

						<line number="105" hits="1"/>

						<line number="106" hits="1"/>

						<line number="111" hits="0"/>

						<line number="112" hits="0"/>

						<line number="115" hits="1"/>

						<line number="116" hits="1"/>

						<line number="120" hits="0"/>

						<line number="121" hits="0"/>

						<line number="124" hits="1"/>

						<line number="125" hits="1"/>

						<line number="133" hits="0"/>

						<line number="134" hits="0"/>

						<line number="137" hits="1"/>

						<line number="138" hits="1"/>

						<line number="142" hits="0"/>

						<line number="143" hits="0"/>

						<line number="144" hits="0"/>

						<line number="145" hits="0" branch="true" condition-coverage="0% (0/2)" missing-branches="146,158"/>

						<line number="146" hits="0"/>

						<line number="147" hits="0"/>

						<line number="148" hits="0" branch="true" condition-coverage="0% (0/2)" missing-branches="149,155"/>

						<line number="149" hits="0"/>

						<line number="155" hits="0"/>

						<line number="156" hits="0"/>

						<line number="157" hits="0"/>

						<line number="158" hits="0"/>

						<line number="161" hits="1"/>

						<line number="162" hits="1"/>

						<line number="167" hits="1"/>

						<line number="168" hits="1"/>

						<line number="169" hits="0"/>

						<line number="170" hits="0"/>

						<line number="171" hits="1" branch="true" condition-coverage="50% (1/2)" missing-branches="172"/>

						<line number="172" hits="0"/>

						<line number="173" hits="1"/>

						<line number="183" hits="1"/>

						<line number="185" hits="1"/>

						<line number="186" hits="1"/>

						<line number="187" hits="1" branch="true" condition-coverage="50% (1/2)" missing-branches="188"/>

						<line number="188" hits="0"/>

						<line number="189" hits="1" branch="true" condition-coverage="50% (1/2)" missing-branches="190"/>

						<line number="190" hits="0"/>

						<line number="191" hits="1"/>

						<line number="192" hits="1"/>

						<line number="195" hits="1"/>

						<line number="199" hits="1" branch="true" condition-coverage="50% (1/2)" missing-branches="200"/>

						<line number="200" hits="0" branch="true" condition-coverage="0% (0/2)" missing-branches="201,205"/>

						<line number="201" hits="0"/>

						<line number="205" hits="0" branch="true" condition-coverage="0% (0/2)" missing-branches="206,211"/>

						<line number="206" hits="0"/>

						<line number="211" hits="1" branch="true" condition-coverage="100% (2/2)"/>

						<line number="212" hits="1"/>

						<line number="213" hits="1" branch="true" condition-coverage="100% (2/2)"/>

						<line number="214" hits="1"/>

						<line number="215" hits="1" branch="true" condition-coverage="50% (1/2)" missing-branches="216"/>

						<line number="216" hits="0"/>

						<line number="217" hits="1" branch="true" condition-coverage="50% (1/2)" missing-branches="218"/>

						<line number="218" hits="0"/>

						<line number="219" hits="1" branch="true" condition-coverage="50% (1/2)" missing-branches="220"/>

						<line number="220" hits="0"/>

						<line number="221" hits="0"/>

						<line number="222" hits="0"/>

						<line number="223" hits="0"/>

						<line number="224" hits="1" branch="true" condition-coverage="50% (1/2)" missing-branches="225"/>

						<line number="225" hits="0"/>

						<line number="226" hits="1" branch="true" condition-coverage="100% (2/2)"/>

						<line number="227" hits="1"/>

						<line number="228" hits="1" branch="true" condition-coverage="100% (2/2)"/>

						<line number="229" hits="1"/>

						<line number="230" hits="1"/>

						<line number="231" hits="1"/>

						<line number="232" hits="1"/>

						<line number="233" hits="1" branch="true" condition-coverage="50% (1/2)" missing-branches="234"/>

						<line number="234" hits="0"/>

						<line number="235" hits="1"/>

						<line number="237" hits="1" branch="true" condition-coverage="50% (1/2)" missing-branches="238"/>

						<line number="238" hits="0"/>

						<line number="239" hits="1"/>

						<line number="241" hits="1" branch="true" condition-coverage="50% (1/2)" missing-branches="242"/>

						<line number="242" hits="0" branch="true" condition-coverage="0% (0/2)" missing-branches="243,245"/>

						<line number="243" hits="0"/>

						<line number="244" hits="0"/>

						<line number="245" hits="0"/>

						<line number="246" hits="0"/>

						<line number="247" hits="1"/>

					</lines>

				</class>

				<class name="consumption.py" filename="api/routers/consumption.py" complexity="0" line-rate="1" branch-rate="1">

					<methods/>

					<lines>

						<line number="1" hits="1"/>

						<line number="3" hits="1"/>

						<line number="4" hits="1"/>

						<line number="6" hits="1"/>

						<line number="8" hits="1"/>

						<line number="9" hits="1"/>

						<line number="10" hits="1"/>

						<line number="11" hits="1"/>

						<line number="13" hits="1"/>

						<line number="15" hits="1"/>

						<line number="18" hits="1"/>

						<line number="27" hits="1"/>

						<line number="30" hits="1"/>

						<line number="31" hits="1"/>

						<line number="41" hits="1"/>

						<line number="45" hits="1"/>

						<line number="46" hits="1"/>

						<line number="47" hits="1"/>

						<line number="53" hits="1"/>

						<line number="54" hits="1"/>

						<line number="55" hits="1"/>

						<line number="56" hits="1"/>

					</lines>

				</class>

				<class name="general_consumption.py" filename="api/routers/general_consumption.py" complexity="0" line-rate="0.7" branch-rate="1">

					<methods/>

					<lines>

						<line number="1" hits="1"/>

						<line number="3" hits="1"/>

						<line number="4" hits="1"/>

						<line number="5" hits="1"/>

						<line number="6" hits="1"/>

						<line number="8" hits="1"/>

						<line number="10" hits="1"/>

						<line number="11" hits="1"/>

						<line number="12" hits="1"/>

						<line number="14" hits="1"/>

						<line number="16" hits="1"/>

						<line number="19" hits="1"/>

						<line number="20" hits="0"/>

						<line number="23" hits="1"/>

						<line number="24" hits="1"/>

						<line number="26" hits="0"/>

						<line number="27" hits="0"/>

						<line number="32" hits="0"/>

						<line number="33" hits="0"/>

						<line number="35" hits="0"/>

					</lines>

				</class>

				<class name="production.py" filename="api/routers/production.py" complexity="0" line-rate="0.9524" branch-rate="1">

					<methods/>

					<lines>

						<line number="1" hits="1"/>

						<line number="3" hits="1"/>

						<line number="4" hits="1"/>

						<line number="6" hits="1"/>

						<line number="8" hits="1"/>

						<line number="9" hits="1"/>

						<line number="10" hits="1"/>

						<line number="12" hits="1"/>

						<line number="14" hits="1"/>

						<line number="17" hits="1"/>

						<line number="18" hits="1"/>

						<line number="30" hits="1"/>

						<line number="36" hits="1"/>

						<line number="37" hits="1"/>

						<line number="38" hits="1"/>

						<line number="39" hits="1"/>

						<line number="43" hits="1"/>

						<line number="44" hits="0"/>

						<line number="45" hits="1"/>

						<line number="46" hits="1"/>

						<line number="47" hits="1"/>

					</lines>

				</class>

			</classes>

		</package>

		<package name="application" line-rate="0.9855" branch-rate="1" complexity="0">

			<classes>

				<class name="__init__.py" filename="application/__init__.py" complexity="0" line-rate="1" branch-rate="1">

					<methods/>

					<lines>

						<line number="3" hits="1"/>

						<line number="9" hits="1"/>

					</lines>

				</class>

				<class name="aas_polling.py" filename="application/aas_polling.py" complexity="0" line-rate="0.9583" branch-rate="1">

					<methods/>

					<lines>

						<line number="2" hits="1"/>

						<line number="4" hits="1"/>

						<line number="5" hits="1"/>

						<line number="6" hits="1"/>

						<line number="9" hits="1"/>

						<line number="16" hits="1"/>

						<line number="17" hits="1"/>

						<line number="18" hits="1" branch="true" condition-coverage="100% (2/2)"/>

						<line number="19" hits="1"/>

						<line number="21" hits="1"/>

						<line number="22" hits="1"/>

						<line number="23" hits="1"/>

						<line number="24" hits="1" branch="true" condition-coverage="100% (2/2)"/>

						<line number="25" hits="1"/>

						<line number="31" hits="1"/>

						<line number="34" hits="1"/>

						<line number="42" hits="1"/>

						<line number="43" hits="1"/>

						<line number="44" hits="1"/>

						<line number="45" hits="1"/>

						<line number="50" hits="0"/>

						<line number="51" hits="1"/>

						<line number="52" hits="1"/>

						<line number="53" hits="1"/>

					</lines>

				</class>

				<class name="mes_workflow.py" filename="application/mes_workflow.py" complexity="0" line-rate="1" branch-rate="1">

					<methods/>

					<lines>

						<line number="7" hits="1"/>

						<line number="9" hits="1"/>

						<line number="10" hits="1"/>

						<line number="11" hits="1"/>

						<line number="12" hits="1"/>

						<line number="14" hits="1"/>

						<line number="15" hits="1"/>

						<line number="17" hits="1"/>

						<line number="19" hits="1"/>

						<line number="22" hits="1"/>

						<line number="26" hits="1"/>

						<line number="36" hits="1"/>

						<line number="37" hits="1"/>

						<line number="38" hits="1"/>

						<line number="40" hits="1"/>

						<line number="50" hits="1"/>

						<line number="62" hits="1"/>

						<line number="75" hits="1"/>

						<line number="76" hits="1" branch="true" condition-coverage="100% (2/2)"/>

						<line number="77" hits="1"/>

						<line number="78" hits="1"/>

						<line number="80" hits="1"/>

						<line number="81" hits="1"/>

						<line number="82" hits="1" branch="true" condition-coverage="100% (2/2)"/>

						<line number="83" hits="1"/>

						<line number="84" hits="1" branch="true" condition-coverage="100% (2/2)"/>

						<line number="85" hits="1"/>

						<line number="87" hits="1"/>

						<line number="92" hits="1"/>

						<line number="94" hits="1"/>

						<line number="95" hits="1"/>

						<line number="101" hits="1"/>

						<line number="108" hits="1"/>

					</lines>

				</class>

				<class name="ports.py" filename="application/ports.py" complexity="0" line-rate="1" branch-rate="1">

					<methods/>

					<lines>

						<line number="12" hits="1"/>

						<line number="14" hits="1"/>

						<line number="15" hits="1"/>

						<line number="16" hits="1"/>

						<line number="19" hits="1"/>

						<line number="26" hits="1"/>

						<line number="43" hits="1"/>

						<line number="86" hits="1"/>

						<line number="105" hits="1"/>

						<line number="125" hits="1"/>

					</lines>

				</class>

			</classes>

		</package>

		<package name="application.pipelines" line-rate="0.9672" branch-rate="0.9167" complexity="0">

			<classes>

				<class name="__init__.py" filename="application/pipelines/__init__.py" complexity="0" line-rate="1" branch-rate="1">

					<methods/>

					<lines/>

				</class>

				<class name="carbon_intensity.py" filename="application/pipelines/carbon_intensity.py" complexity="0" line-rate="0.9565" branch-rate="0.875">

					<methods/>

					<lines>

						<line number="16" hits="1"/>

						<line number="18" hits="1"/>

						<line number="19" hits="1"/>

						<line number="20" hits="1"/>

						<line number="21" hits="1"/>

						<line number="23" hits="1"/>

						<line number="25" hits="1"/>

						<line number="27" hits="1"/>

						<line number="30" hits="1"/>

						<line number="33" hits="1"/>

						<line number="34" hits="1" branch="true" condition-coverage="100% (2/2)"/>

						<line number="35" hits="1"/>

						<line number="36" hits="1"/>

						<line number="38" hits="1"/>

						<line number="41" hits="1"/>

						<line number="44" hits="1"/>

						<line number="52" hits="1"/>

						<line number="58" hits="1"/>

						<line number="59" hits="1"/>

						<line number="61" hits="1"/>

						<line number="64" hits="1" branch="true" condition-coverage="100% (2/2)"/>

						<line number="65" hits="1"/>

						<line number="69" hits="1"/>

						<line number="70" hits="1"/>

						<line number="71" hits="1"/>

						<line number="74" hits="1"/>

						<line number="75" hits="1"/>

						<line number="76" hits="1"/>

						<line number="77" hits="1"/>

						<line number="80" hits="1"/>

						<line number="82" hits="1"/>

						<line number="85" hits="1"/>

						<line number="99" hits="1"/>

						<line number="100" hits="1" branch="true" condition-coverage="100% (2/2)"/>

						<line number="101" hits="1" branch="true" condition-coverage="50% (1/2)" missing-branches="102"/>

						<line number="102" hits="0"/>

						<line number="104" hits="0"/>

						<line number="106" hits="1"/>

						<line number="107" hits="1"/>

						<line number="108" hits="1"/>

						<line number="109" hits="1"/>

						<line number="110" hits="1"/>

						<line number="111" hits="1"/>

						<line number="112" hits="1"/>

						<line number="113" hits="1"/>

						<line number="116" hits="1"/>

					</lines>

				</class>

				<class name="idle_allocation.py" filename="application/pipelines/idle_allocation.py" complexity="0" line-rate="1" branch-rate="1">

					<methods/>

					<lines>

						<line number="14" hits="1"/>

						<line number="16" hits="1"/>

						<line number="17" hits="1"/>

						<line number="19" hits="1"/>

						<line number="22" hits="1"/>

						<line number="41" hits="1"/>

						<line number="52" hits="1"/>

						<line number="60" hits="1" branch="true" condition-coverage="100% (2/2)"/>

						<line number="61" hits="1"/>

						<line number="62" hits="1"/>

						<line number="63" hits="1" branch="true" condition-coverage="100% (2/2)"/>

						<line number="64" hits="1"/>

						<line number="65" hits="1"/>

						<line number="66" hits="1"/>

						<line number="69" hits="1"/>

					</lines>

				</class>

			</classes>

		</package>

		<package name="application.use_cases" line-rate="1" branch-rate="1" complexity="0">

			<classes>

				<class name="__init__.py" filename="application/use_cases/__init__.py" complexity="0" line-rate="1" branch-rate="1">

					<methods/>

					<lines/>

				</class>

				<class name="consumption_use_case.py" filename="application/use_cases/consumption_use_case.py" complexity="0" line-rate="1" branch-rate="1">

					<methods/>

					<lines>

						<line number="13" hits="1"/>

						<line number="15" hits="1"/>

						<line number="16" hits="1"/>

						<line number="17" hits="1"/>

						<line number="19" hits="1"/>

						<line number="20" hits="1"/>

						<line number="21" hits="1"/>

						<line number="24" hits="1"/>

						<line number="32" hits="1"/>

						<line number="39" hits="1"/>

						<line number="40" hits="1"/>

						<line number="41" hits="1"/>

						<line number="43" hits="1"/>

						<line number="44" hits="1"/>

						<line number="53" hits="1"/>

					</lines>

				</class>

				<class name="production_use_case.py" filename="application/use_cases/production_use_case.py" complexity="0" line-rate="1" branch-rate="1">

					<methods/>

					<lines>

						<line number="9" hits="1"/>

						<line number="11" hits="1"/>

						<line number="12" hits="1"/>

						<line number="13" hits="1"/>

						<line number="15" hits="1"/>

						<line number="16" hits="1"/>

						<line number="19" hits="1"/>

						<line number="22" hits="1"/>

						<line number="32" hits="1"/>

						<line number="33" hits="1"/>

						<line number="34" hits="1"/>

						<line number="35" hits="1"/>

						<line number="36" hits="1"/>

						<line number="37" hits="1"/>

						<line number="39" hits="1"/>

						<line number="40" hits="1"/>

						<line number="52" hits="1"/>

					</lines>

				</class>

			</classes>

		</package>

		<package name="config" line-rate="0.9722" branch-rate="0.5" complexity="0">

			<classes>

				<class name="__init__.py" filename="config/__init__.py" complexity="0" line-rate="1" branch-rate="1">

					<methods/>

					<lines>

						<line number="1" hits="1"/>

						<line number="3" hits="1"/>

					</lines>

				</class>

				<class name="settings.py" filename="config/settings.py" complexity="0" line-rate="0.9706" branch-rate="0.5">

					<methods/>

					<lines>

						<line number="5" hits="1"/>

						<line number="7" hits="1"/>

						<line number="8" hits="1"/>

						<line number="11" hits="1"/>

						<line number="13" hits="1"/>

						<line number="16" hits="1"/>

						<line number="17" hits="1"/>

						<line number="23" hits="1"/>

						<line number="24" hits="1"/>

						<line number="25" hits="1"/>

						<line number="27" hits="1"/>

						<line number="28" hits="1"/>

						<line number="30" hits="1"/>

						<line number="31" hits="1"/>

						<line number="32" hits="1"/>

						<line number="34" hits="1"/>

						<line number="35" hits="1"/>

						<line number="36" hits="1"/>

						<line number="37" hits="1"/>

						<line number="38" hits="1"/>

						<line number="39" hits="1"/>

						<line number="40" hits="1"/>

						<line number="42" hits="1"/>

						<line number="43" hits="1"/>

						<line number="44" hits="1"/>

						<line number="45" hits="1"/>

						<line number="47" hits="1"/>

						<line number="48" hits="1"/>

						<line number="50" hits="1" branch="true" condition-coverage="50% (1/2)" missing-branches="51"/>

						<line number="51" hits="0"/>

						<line number="52" hits="1" branch="true" condition-coverage="50% (1/2)" missing-branches="58"/>

						<line number="53" hits="1"/>

						<line number="58" hits="1"/>

						<line number="61" hits="1"/>

					</lines>

				</class>

			</classes>

		</package>

		<package name="core" line-rate="0.8744" branch-rate="0.6538" complexity="0">

			<classes>

				<class name="__init__.py" filename="core/__init__.py" complexity="0" line-rate="1" branch-rate="1">

					<methods/>

					<lines/>

				</class>

				<class name="container.py" filename="core/container.py" complexity="0" line-rate="0.7333" branch-rate="1">

					<methods/>

					<lines>

						<line number="13" hits="1"/>

						<line number="15" hits="1"/>

						<line number="16" hits="1"/>

						<line number="19" hits="1"/>

						<line number="27" hits="0"/>

						<line number="29" hits="0"/>

						<line number="30" hits="0"/>

						<line number="32" hits="0"/>

						<line number="35" hits="1"/>

						<line number="42" hits="1"/>

						<line number="44" hits="1"/>

						<line number="47" hits="1"/>

						<line number="54" hits="1"/>

						<line number="56" hits="1"/>

						<line number="59" hits="1"/>

					</lines>

				</class>

				<class name="lifespan.py" filename="core/lifespan.py" complexity="0" line-rate="1" branch-rate="1">

					<methods/>

					<lines>

						<line number="2" hits="1"/>

						<line number="4" hits="1"/>

						<line number="5" hits="1"/>

						<line number="6" hits="1"/>

						<line number="7" hits="1"/>

						<line number="9" hits="1"/>

						<line number="11" hits="1"/>

						<line number="12" hits="1"/>

						<line number="13" hits="1"/>

						<line number="15" hits="1"/>

						<line number="18" hits="1"/>

						<line number="25" hits="1"/>

						<line number="35" hits="1"/>

						<line number="36" hits="1"/>

						<line number="39" hits="1"/>

						<line number="40" hits="1"/>

						<line number="42" hits="1" branch="true" condition-coverage="100% (2/2)"/>

						<line number="43" hits="1"/>

						<line number="44" hits="1"/>

						<line number="45" hits="1"/>

					</lines>

				</class>

				<class name="logging.py" filename="core/logging.py" complexity="0" line-rate="0.9111" branch-rate="0.6667">

					<methods/>

					<lines>

						<line number="2" hits="1"/>

						<line number="4" hits="1"/>

						<line number="5" hits="1"/>

						<line number="6" hits="1"/>

						<line number="7" hits="1"/>

						<line number="8" hits="1"/>

						<line number="9" hits="1"/>

						<line number="10" hits="1"/>

						<line number="12" hits="1"/>

						<line number="15" hits="1"/>

						<line number="18" hits="1"/>

						<line number="19" hits="1"/>

						<line number="20" hits="1"/>

						<line number="21" hits="1"/>

						<line number="22" hits="1"/>

						<line number="24" hits="1"/>

						<line number="25" hits="1"/>

						<line number="26" hits="1"/>

						<line number="27" hits="1"/>

						<line number="28" hits="1"/>

						<line number="37" hits="1"/>

						<line number="38" hits="0"/>

						<line number="39" hits="0"/>

						<line number="42" hits="1"/>

						<line number="45" hits="1"/>

						<line number="46" hits="1"/>

						<line number="47" hits="1"/>

						<line number="48" hits="1"/>

						<line number="49" hits="0"/>

						<line number="50" hits="0"/>

						<line number="53" hits="1"/>

						<line number="56" hits="1"/>

						<line number="58" hits="1"/>

						<line number="59" hits="1"/>

						<line number="63" hits="1"/>

						<line number="71" hits="1"/>

						<line number="72" hits="1"/>

						<line number="73" hits="1"/>

						<line number="75" hits="1" branch="true" condition-coverage="50% (1/2)" missing-branches="77"/>

						<line number="76" hits="1"/>

						<line number="77" hits="1" branch="true" condition-coverage="100% (2/2)"/>

						<line number="78" hits="1"/>

						<line number="79" hits="1" branch="true" condition-coverage="50% (1/2)" missing-branches="77"/>

						<line number="80" hits="1"/>

						<line number="81" hits="1"/>

					</lines>

				</class>

				<class name="middleware.py" filename="core/middleware.py" complexity="0" line-rate="0.9423" branch-rate="0.5">

					<methods/>

					<lines>

						<line number="2" hits="1"/>

						<line number="4" hits="1"/>

						<line number="5" hits="1"/>

						<line number="6" hits="1"/>

						<line number="8" hits="1"/>

						<line number="9" hits="1"/>

						<line number="10" hits="1"/>

						<line number="11" hits="1"/>

						<line number="12" hits="1"/>

						<line number="14" hits="1"/>

						<line number="16" hits="1"/>

						<line number="19" hits="1"/>

						<line number="20" hits="1"/>

						<line number="23" hits="1"/>

						<line number="24" hits="1"/>

						<line number="25" hits="1"/>

						<line number="28" hits="1"/>

						<line number="31" hits="1"/>

						<line number="32" hits="1"/>

						<line number="34" hits="1"/>

						<line number="35" hits="1"/>

						<line number="36" hits="1"/>

						<line number="37" hits="1" branch="true" condition-coverage="50% (1/2)" missing-branches="41"/>

						<line number="38" hits="1"/>

						<line number="39" hits="0"/>

						<line number="40" hits="0"/>

						<line number="41" hits="1"/>

						<line number="46" hits="1"/>

						<line number="49" hits="1" branch="true" condition-coverage="50% (1/2)" missing-branches="51"/>

						<line number="50" hits="1"/>

						<line number="51" hits="1"/>

						<line number="53" hits="1"/>

						<line number="54" hits="1"/>

						<line number="56" hits="1"/>

						<line number="57" hits="1"/>

						<line number="58" hits="1" branch="true" condition-coverage="50% (1/2)" missing-branches="59"/>

						<line number="59" hits="0"/>

						<line number="60" hits="1"/>

						<line number="62" hits="1"/>

						<line number="63" hits="1"/>

						<line number="64" hits="1"/>

						<line number="65" hits="1"/>

						<line number="66" hits="1"/>

						<line number="67" hits="1"/>

						<line number="68" hits="1"/>

						<line number="70" hits="1"/>

						<line number="71" hits="1"/>

						<line number="72" hits="1"/>

						<line number="73" hits="1"/>

						<line number="74" hits="1"/>

						<line number="75" hits="1"/>

						<line number="76" hits="1"/>

					</lines>

				</class>

				<class name="protected_pages.py" filename="core/protected_pages.py" complexity="0" line-rate="1" branch-rate="1">

					<methods/>

					<lines>

						<line number="5" hits="1"/>

						<line number="7" hits="1"/>

						<line number="9" hits="1"/>

						<line number="10" hits="1"/>

						<line number="12" hits="1"/>

						<line number="13" hits="1"/>

						<line number="15" hits="1"/>

						<line number="18" hits="1"/>

						<line number="19" hits="1"/>

						<line number="20" hits="1"/>

						<line number="23" hits="1"/>

						<line number="24" hits="1"/>

						<line number="25" hits="1"/>

						<line number="28" hits="1"/>

						<line number="30" hits="1"/>

						<line number="31" hits="1" branch="true" condition-coverage="100% (2/2)"/>

						<line number="32" hits="1"/>

						<line number="33" hits="1"/>

						<line number="34" hits="1"/>

					</lines>

				</class>

				<class name="stage_prefix.py" filename="core/stage_prefix.py" complexity="0" line-rate="1" branch-rate="1">

					<methods/>

					<lines>

						<line number="2" hits="1"/>

						<line number="4" hits="1"/>

						<line number="7" hits="1"/>

						<line number="9" hits="1"/>

						<line number="12" hits="1"/>

						<line number="15" hits="1"/>

						<line number="17" hits="1"/>

						<line number="18" hits="1" branch="true" condition-coverage="100% (2/2)"/>

						<line number="19" hits="1"/>

						<line number="20" hits="1"/>

						<line number="23" hits="1"/>

						<line number="24" hits="1"/>

						<line number="26" hits="1"/>

						<line number="27" hits="1"/>

						<line number="29" hits="1" branch="true" condition-coverage="100% (2/2)"/>

						<line number="30" hits="1"/>

						<line number="32" hits="1" branch="true" condition-coverage="100% (2/2)"/>

						<line number="33" hits="1"/>

						<line number="35" hits="1"/>

						<line number="36" hits="1"/>

					</lines>

				</class>

				<class name="static.py" filename="core/static.py" complexity="0" line-rate="0.5" branch-rate="0">

					<methods/>

					<lines>

						<line number="2" hits="1"/>

						<line number="4" hits="1"/>

						<line number="6" hits="1"/>

						<line number="7" hits="1"/>

						<line number="8" hits="1"/>

						<line number="10" hits="1"/>

						<line number="11" hits="1"/>

						<line number="13" hits="1"/>

						<line number="24" hits="1"/>

						<line number="26" hits="1"/>

						<line number="28" hits="1"/>

						<line number="29" hits="1"/>

						<line number="30" hits="0"/>

						<line number="31" hits="0" branch="true" condition-coverage="0% (0/2)" missing-branches="32,33"/>

						<line number="32" hits="0"/>

						<line number="33" hits="0"/>

						<line number="35" hits="1"/>

						<line number="36" hits="1"/>

						<line number="37" hits="0"/>

						<line number="38" hits="0"/>

						<line number="39" hits="0"/>

						<line number="40" hits="0"/>

						<line number="45" hits="0"/>

						<line number="46" hits="0" branch="true" condition-coverage="0% (0/2)" missing-branches="47,48"/>

						<line number="47" hits="0"/>

						<line number="48" hits="0"/>

						<line number="54" hits="0"/>

						<line number="55" hits="0"/>

					</lines>

				</class>

			</classes>

		</package>

		<package name="domain" line-rate="1" branch-rate="1" complexity="0">

			<classes>

				<class name="__init__.py" filename="domain/__init__.py" complexity="0" line-rate="1" branch-rate="1">

					<methods/>

					<lines>

						<line number="1" hits="1"/>

						<line number="2" hits="1"/>

						<line number="3" hits="1"/>

						<line number="5" hits="1"/>

					</lines>

				</class>

				<class name="energy.py" filename="domain/energy.py" complexity="0" line-rate="1" branch-rate="1">

					<methods/>

					<lines>

						<line number="7" hits="1"/>

						<line number="9" hits="1"/>

						<line number="12" hits="1"/>

						<line number="13" hits="1"/>

						<line number="14" hits="1"/>

						<line number="15" hits="1"/>

						<line number="16" hits="1"/>

						<line number="19" hits="1"/>

					</lines>

				</class>

				<class name="errors.py" filename="domain/errors.py" complexity="0" line-rate="1" branch-rate="1">

					<methods/>

					<lines>

						<line number="16" hits="1"/>

						<line number="19" hits="1"/>

						<line number="23" hits="1"/>

						<line number="32" hits="1"/>

						<line number="42" hits="1"/>

						<line number="51" hits="1"/>

						<line number="62" hits="1"/>

					</lines>

				</class>

				<class name="material_pcf.py" filename="domain/material_pcf.py" complexity="0" line-rate="1" branch-rate="1">

					<methods/>

					<lines>

						<line number="6" hits="1"/>

						<line number="8" hits="1"/>

						<line number="11" hits="1"/>

						<line number="12" hits="1"/>

						<line number="13" hits="1"/>

						<line number="14" hits="1"/>

						<line number="17" hits="1"/>

					</lines>

				</class>

				<class name="pcf.py" filename="domain/pcf.py" complexity="0" line-rate="1" branch-rate="1">

					<methods/>

					<lines>

						<line number="6" hits="1"/>

						<line number="8" hits="1"/>

						<line number="11" hits="1"/>

						<line number="12" hits="1"/>

						<line number="13" hits="1"/>

						<line number="14" hits="1"/>

						<line number="15" hits="1"/>

						<line number="16" hits="1"/>

						<line number="17" hits="1"/>

						<line number="18" hits="1"/>

						<line number="19" hits="1"/>

						<line number="20" hits="1"/>

						<line number="21" hits="1"/>

						<line number="22" hits="1"/>

						<line number="25" hits="1"/>

						<line number="26" hits="1"/>

						<line number="27" hits="1"/>

						<line number="28" hits="1"/>

						<line number="29" hits="1"/>

						<line number="30" hits="1"/>

						<line number="34" hits="1"/>

					</lines>

				</class>

				<class name="work_order_energy.py" filename="domain/work_order_energy.py" complexity="0" line-rate="1" branch-rate="1">

					<methods/>

					<lines>

						<line number="2" hits="1"/>

						<line number="4" hits="1"/>

						<line number="7" hits="1"/>

						<line number="9" hits="1" branch="true" condition-coverage="100% (2/2)"/>

						<line number="10" hits="1"/>

						<line number="11" hits="1" branch="true" condition-coverage="100% (2/2)"/>

						<line number="12" hits="1"/>

						<line number="17" hits="1"/>

						<line number="20" hits="1"/>

						<line number="22" hits="1" branch="true" condition-coverage="100% (2/2)"/>

						<line number="23" hits="1"/>

						<line number="24" hits="1" branch="true" condition-coverage="100% (2/2)"/>

						<line number="25" hits="1"/>

						<line number="30" hits="1"/>

						<line number="33" hits="1"/>

						<line number="40" hits="1" branch="true" condition-coverage="100% (2/2)"/>

						<line number="41" hits="1"/>

						<line number="42" hits="1" branch="true" condition-coverage="100% (2/2)"/>

						<line number="43" hits="1"/>

						<line number="44" hits="1"/>

						<line number="45" hits="1"/>

					</lines>

				</class>

			</classes>

		</package>

		<package name="integrations" line-rate="0.4903" branch-rate="0.3293" complexity="0">

			<classes>

				<class name="__init__.py" filename="integrations/__init__.py" complexity="0" line-rate="1" branch-rate="1">

					<methods/>

					<lines/>

				</class>

				<class name="aas.py" filename="integrations/aas.py" complexity="0" line-rate="0.3542" branch-rate="0.2149">

					<methods/>

					<lines>

						<line number="1" hits="1"/>

						<line number="2" hits="1"/>

						<line number="4" hits="1"/>

						<line number="7" hits="1"/>

						<line number="9" hits="1"/>

						<line number="13" hits="1"/>

						<line number="17" hits="1"/>

						<line number="23" hits="1"/>

						<line number="25" hits="1" branch="true" condition-coverage="100% (2/2)"/>

						<line number="26" hits="1"/>

						<line number="27" hits="1"/>

						<line number="28" hits="1" branch="true" condition-coverage="100% (2/2)"/>

						<line number="29" hits="1" branch="true" condition-coverage="100% (2/2)"/>

						<line number="30" hits="1"/>

						<line number="31" hits="1"/>

						<line number="34" hits="1"/>

						<line number="35" hits="1"/>

						<line number="42" hits="1"/>

						<line number="43" hits="1"/>

						<line number="44" hits="1"/>

						<line number="45" hits="1"/>

						<line number="46" hits="1"/>

						<line number="47" hits="1"/>

						<line number="48" hits="1"/>

						<line number="49" hits="1"/>

						<line number="50" hits="1"/>

						<line number="51" hits="1"/>

						<line number="53" hits="1" branch="true" condition-coverage="50% (1/2)" missing-branches="54"/>

						<line number="54" hits="0" branch="true" condition-coverage="0% (0/2)" missing-branches="55,57"/>

						<line number="55" hits="0"/>

						<line number="57" hits="0"/>

						<line number="59" hits="1"/>

						<line number="60" hits="1"/>

						<line number="61" hits="1" branch="true" condition-coverage="100% (2/2)"/>

						<line number="62" hits="1"/>

						<line number="64" hits="1"/>

						<line number="65" hits="1"/>

						<line number="68" hits="1" branch="true" condition-coverage="50% (1/2)" missing-branches="72"/>

						<line number="72" hits="0"/>

						<line number="74" hits="1"/>

						<line number="76" hits="0"/>

						<line number="77" hits="0"/>

						<line number="78" hits="0" branch="true" condition-coverage="0% (0/2)" missing-branches="79,104"/>

						<line number="79" hits="0"/>

						<line number="80" hits="0"/>

						<line number="84" hits="0" branch="true" condition-coverage="0% (0/2)" missing-branches="85,86"/>

						<line number="85" hits="0"/>

						<line number="86" hits="0"/>

						<line number="87" hits="0"/>

						<line number="88" hits="0"/>

						<line number="89" hits="0"/>

						<line number="90" hits="0"/>

						<line number="91" hits="0" branch="true" condition-coverage="0% (0/2)" missing-branches="92,93"/>

						<line number="92" hits="0"/>

						<line number="93" hits="0" branch="true" condition-coverage="0% (0/2)" missing-branches="78,94"/>

						<line number="94" hits="0" branch="true" condition-coverage="0% (0/2)" missing-branches="95,98"/>

						<line number="95" hits="0"/>

						<line number="96" hits="0"/>

						<line number="97" hits="0"/>

						<line number="98" hits="0" branch="true" condition-coverage="0% (0/2)" missing-branches="93,99"/>

						<line number="99" hits="0" branch="true" condition-coverage="0% (0/2)" missing-branches="98,100"/>

						<line number="100" hits="0"/>

						<line number="101" hits="0"/>

						<line number="102" hits="0"/>

						<line number="104" hits="0" branch="true" condition-coverage="0% (0/2)" missing-branches="exit,105"/>

						<line number="105" hits="0"/>

						<line number="106" hits="0"/>

						<line number="107" hits="0"/>

						<line number="108" hits="0"/>

						<line number="110" hits="1"/>

						<line number="112" hits="1"/>

						<line number="113" hits="1" branch="true" condition-coverage="100% (2/2)"/>

						<line number="114" hits="1"/>

						<line number="115" hits="1"/>

						<line number="117" hits="1"/>

						<line number="124" hits="1" branch="true" condition-coverage="50% (1/2)" missing-branches="125"/>

						<line number="125" hits="0"/>

						<line number="126" hits="1"/>

						<line number="127" hits="1" branch="true" condition-coverage="100% (2/2)"/>

						<line number="128" hits="1"/>

						<line number="130" hits="1"/>

						<line number="136" hits="1"/>

						<line number="137" hits="1"/>

						<line number="139" hits="1"/>

						<line number="140" hits="0" branch="true" condition-coverage="0% (0/2)" missing-branches="141,143"/>

						<line number="141" hits="0"/>

						<line number="143" hits="0"/>

						<line number="144" hits="0"/>

						<line number="145" hits="0"/>

						<line number="146" hits="0"/>

						<line number="148" hits="1"/>

						<line number="149" hits="1"/>

						<line number="151" hits="1"/>

						<line number="152" hits="1"/>

						<line number="153" hits="1"/>

						<line number="154" hits="1"/>

						<line number="156" hits="1"/>

						<line number="162" hits="1"/>

						<line number="163" hits="1"/>

						<line number="164" hits="1"/>

						<line number="165" hits="1" branch="true" condition-coverage="100% (2/2)"/>

						<line number="166" hits="1"/>

						<line number="167" hits="1"/>

						<line number="168" hits="1"/>

						<line number="169" hits="0"/>

						<line number="170" hits="0"/>

						<line number="171" hits="1"/>

						<line number="173" hits="1"/>

						<line number="174" hits="1"/>

						<line number="189" hits="0"/>

						<line number="191" hits="0"/>

						<line number="192" hits="0" branch="true" condition-coverage="0% (0/2)" missing-branches="193,194"/>

						<line number="193" hits="0"/>

						<line number="194" hits="0"/>

						<line number="195" hits="0"/>

						<line number="196" hits="0"/>

						<line number="198" hits="1"/>

						<line number="199" hits="0"/>

						<line number="200" hits="0"/>

						<line number="201" hits="0" branch="true" condition-coverage="0% (0/2)" missing-branches="202,204"/>

						<line number="202" hits="0"/>

						<line number="203" hits="0"/>

						<line number="204" hits="0"/>

						<line number="205" hits="0"/>

						<line number="207" hits="1"/>

						<line number="209" hits="0"/>

						<line number="210" hits="0"/>

						<line number="211" hits="0"/>

						<line number="213" hits="1"/>

						<line number="214" hits="0"/>

						<line number="215" hits="0"/>

						<line number="216" hits="0" branch="true" condition-coverage="0% (0/2)" missing-branches="217,219"/>

						<line number="217" hits="0"/>

						<line number="218" hits="0"/>

						<line number="219" hits="0"/>

						<line number="220" hits="0" branch="true" condition-coverage="0% (0/2)" missing-branches="221,222"/>

						<line number="221" hits="0"/>

						<line number="222" hits="0"/>

						<line number="224" hits="1"/>

						<line number="226" hits="1"/>

						<line number="227" hits="1" branch="true" condition-coverage="50% (1/2)" missing-branches="231"/>

						<line number="228" hits="1" branch="true" condition-coverage="100% (2/2)"/>

						<line number="229" hits="1" branch="true" condition-coverage="100% (2/2)"/>

						<line number="230" hits="1"/>

						<line number="231" hits="0"/>

						<line number="233" hits="1"/>

						<line number="235" hits="1"/>

						<line number="236" hits="1"/>

						<line number="237" hits="1" branch="true" condition-coverage="50% (1/2)" missing-branches="250"/>

						<line number="238" hits="1"/>

						<line number="239" hits="1"/>

						<line number="240" hits="1" branch="true" condition-coverage="100% (2/2)"/>

						<line number="241" hits="1"/>

						<line number="242" hits="1"/>

						<line number="243" hits="1"/>

						<line number="244" hits="1" branch="true" condition-coverage="50% (1/2)" missing-branches="237"/>

						<line number="245" hits="1"/>

						<line number="246" hits="1" branch="true" condition-coverage="100% (2/2)"/>

						<line number="247" hits="1"/>

						<line number="248" hits="0"/>

						<line number="249" hits="0"/>

						<line number="250" hits="0"/>

						<line number="252" hits="1"/>

						<line number="254" hits="1"/>

						<line number="255" hits="1"/>

						<line number="256" hits="1"/>

						<line number="257" hits="1" branch="true" condition-coverage="50% (1/2)" missing-branches="258"/>

						<line number="258" hits="0"/>

						<line number="259" hits="1"/>

						<line number="260" hits="1"/>

						<line number="261" hits="1" branch="true" condition-coverage="50% (1/2)" missing-branches="262"/>

						<line number="262" hits="0"/>

						<line number="263" hits="1"/>

						<line number="265" hits="1"/>

						<line number="267" hits="1"/>

						<line number="268" hits="1" branch="true" condition-coverage="50% (1/2)" missing-branches="282"/>

						<line number="269" hits="1"/>

						<line number="270" hits="1"/>

						<line number="271" hits="1"/>

						<line number="272" hits="1"/>

						<line number="273" hits="1"/>

						<line number="274" hits="1"/>

						<line number="275" hits="1" branch="true" condition-coverage="100% (2/2)"/>

						<line number="276" hits="1"/>

						<line number="277" hits="1"/>

						<line number="278" hits="1"/>

						<line number="279" hits="1" branch="true" condition-coverage="50% (1/2)" missing-branches="280"/>

						<line number="280" hits="0"/>

						<line number="281" hits="1"/>

						<line number="282" hits="0"/>

						<line number="284" hits="1"/>

						<line number="296" hits="1"/>

						<line number="297" hits="1"/>

						<line number="298" hits="1"/>

						<line number="300" hits="1"/>

						<line number="320" hits="1" branch="true" condition-coverage="50% (1/2)" missing-branches="321"/>

						<line number="321" hits="0"/>

						<line number="322" hits="0"/>

						<line number="323" hits="0"/>

						<line number="324" hits="0"/>

						<line number="326" hits="1"/>

						<line number="327" hits="1"/>

						<line number="328" hits="1" branch="true" condition-coverage="50% (1/2)" missing-branches="329"/>

						<line number="329" hits="0"/>

						<line number="330" hits="1"/>

						<line number="331" hits="1"/>

						<line number="332" hits="1" branch="true" condition-coverage="50% (1/2)" missing-branches="333"/>

						<line number="333" hits="0"/>

						<line number="334" hits="0"/>

						<line number="335" hits="0"/>

						<line number="336" hits="1"/>

						<line number="337" hits="1" branch="true" condition-coverage="50% (1/2)" missing-branches="338"/>

						<line number="338" hits="0"/>

						<line number="339" hits="1"/>

						<line number="341" hits="1"/>

						<line number="359" hits="1"/>

						<line number="360" hits="1" branch="true" condition-coverage="50% (1/2)" missing-branches="361"/>

						<line number="361" hits="0"/>

						<line number="362" hits="0"/>

						<line number="363" hits="0"/>

						<line number="364" hits="0"/>

						<line number="365" hits="0"/>

						<line number="367" hits="1"/>

						<line number="368" hits="1" branch="true" condition-coverage="50% (1/2)" missing-branches="378"/>

						<line number="369" hits="1"/>

						<line number="370" hits="1"/>

						<line number="371" hits="1"/>

						<line number="372" hits="1"/>

						<line number="373" hits="1"/>

						<line number="374" hits="1"/>

						<line number="375" hits="1"/>

						<line number="376" hits="1" branch="true" condition-coverage="100% (2/2)"/>

						<line number="377" hits="1"/>

						<line number="378" hits="1"/>

						<line number="379" hits="1" branch="true" condition-coverage="50% (1/2)" missing-branches="380"/>

						<line number="380" hits="0"/>

						<line number="381" hits="1"/>

						<line number="382" hits="1"/>

						<line number="383" hits="1" branch="true" condition-coverage="50% (1/2)" missing-branches="384"/>

						<line number="384" hits="0" branch="true" condition-coverage="0% (0/2)" missing-branches="385,386"/>

						<line number="385" hits="0"/>

						<line number="386" hits="0" branch="true" condition-coverage="0% (0/2)" missing-branches="387,396"/>

						<line number="387" hits="0" branch="true" condition-coverage="0% (0/2)" missing-branches="388,389"/>

						<line number="388" hits="0"/>

						<line number="389" hits="0" branch="true" condition-coverage="0% (0/2)" missing-branches="386,390"/>

						<line number="390" hits="0"/>

						<line number="392" hits="1"/>

						<line number="393" hits="1" branch="true" condition-coverage="50% (1/2)" missing-branches="394"/>

						<line number="394" hits="0"/>

						<line number="395" hits="1"/>

						<line number="396" hits="1" branch="true" condition-coverage="50% (1/2)" missing-branches="400"/>

						<line number="397" hits="1"/>

						<line number="398" hits="1"/>

						<line number="400" hits="0"/>

						<line number="402" hits="1"/>

						<line number="403" hits="0"/>

						<line number="404" hits="0"/>

						<line number="405" hits="0"/>

						<line number="407" hits="1"/>

						<line number="408" hits="0"/>

						<line number="409" hits="0"/>

						<line number="411" hits="1"/>

						<line number="412" hits="0"/>

						<line number="413" hits="0"/>

						<line number="414" hits="0"/>

						<line number="416" hits="1"/>

						<line number="424" hits="1"/>

						<line number="425" hits="1"/>

						<line number="426" hits="1" branch="true" condition-coverage="50% (1/2)" missing-branches="439"/>

						<line number="427" hits="1"/>

						<line number="428" hits="1"/>

						<line number="429" hits="1"/>

						<line number="430" hits="1"/>

						<line number="431" hits="1"/>

						<line number="432" hits="1"/>

						<line number="433" hits="1"/>

						<line number="434" hits="1" branch="true" condition-coverage="100% (2/2)"/>

						<line number="435" hits="1"/>

						<line number="436" hits="1"/>

						<line number="437" hits="1"/>

						<line number="439" hits="0"/>

						<line number="441" hits="1"/>

						<line number="442" hits="0"/>

						<line number="443" hits="0"/>

						<line number="444" hits="0"/>

						<line number="446" hits="1"/>

						<line number="447" hits="0"/>

						<line number="453" hits="0"/>

						<line number="454" hits="0" branch="true" condition-coverage="0% (0/2)" missing-branches="455,456"/>

						<line number="455" hits="0"/>

						<line number="456" hits="0"/>

						<line number="462" hits="1"/>

						<line number="472" hits="0"/>

						<line number="474" hits="0"/>

						<line number="475" hits="0" branch="true" condition-coverage="0% (0/2)" missing-branches="476,478"/>

						<line number="476" hits="0"/>

						<line number="478" hits="0"/>

						<line number="479" hits="0" branch="true" condition-coverage="0% (0/2)" missing-branches="480,580"/>

						<line number="480" hits="0" branch="true" condition-coverage="0% (0/2)" missing-branches="481,483"/>

						<line number="481" hits="0"/>

						<line number="483" hits="0"/>

						<line number="484" hits="0" branch="true" condition-coverage="0% (0/2)" missing-branches="485,486"/>

						<line number="485" hits="0"/>

						<line number="486" hits="0" branch="true" condition-coverage="0% (0/2)" missing-branches="487,495"/>

						<line number="487" hits="0"/>

						<line number="488" hits="0"/>

						<line number="492" hits="0"/>

						<line number="493" hits="0"/>

						<line number="495" hits="0"/>

						<line number="496" hits="0" branch="true" condition-coverage="0% (0/2)" missing-branches="497,498"/>

						<line number="497" hits="0"/>

						<line number="498" hits="0"/>

						<line number="499" hits="0" branch="true" condition-coverage="0% (0/2)" missing-branches="479,500"/>

						<line number="500" hits="0"/>

						<line number="501" hits="0"/>

						<line number="502" hits="0" branch="true" condition-coverage="0% (0/2)" missing-branches="503,504"/>

						<line number="503" hits="0"/>

						<line number="504" hits="0"/>

						<line number="505" hits="0" branch="true" condition-coverage="0% (0/2)" missing-branches="506,509"/>

						<line number="506" hits="0"/>

						<line number="507" hits="0"/>

						<line number="508" hits="0"/>

						<line number="509" hits="0"/>

						<line number="510" hits="0"/>

						<line number="512" hits="0" branch="true" condition-coverage="0% (0/2)" missing-branches="513,515"/>

						<line number="513" hits="0"/>

						<line number="515" hits="0"/>

						<line number="516" hits="0"/>

						<line number="517" hits="0"/>

						<line number="518" hits="0"/>

						<line number="519" hits="0"/>

						<line number="520" hits="0"/>

						<line number="521" hits="0" branch="true" condition-coverage="0% (0/2)" missing-branches="522,525"/>

						<line number="522" hits="0"/>

						<line number="525" hits="0"/>

						<line number="526" hits="0" branch="true" condition-coverage="0% (0/2)" missing-branches="527,529"/>

						<line number="527" hits="0"/>

						<line number="529" hits="0" branch="true" condition-coverage="0% (0/2)" missing-branches="530,552"/>

						<line number="530" hits="0" branch="true" condition-coverage="0% (0/2)" missing-branches="531,532"/>

						<line number="531" hits="0"/>

						<line number="532" hits="0"/>

						<line number="537" hits="0" branch="true" condition-coverage="0% (0/2)" missing-branches="538,539"/>

						<line number="538" hits="0"/>

						<line number="539" hits="0"/>

						<line number="544" hits="0" branch="true" condition-coverage="0% (0/2)" missing-branches="529,545"/>

						<line number="545" hits="0"/>

						<line number="552" hits="0"/>

						<line number="558" hits="0" branch="true" condition-coverage="0% (0/2)" missing-branches="499,559"/>

						<line number="559" hits="0"/>

						<line number="564" hits="0" branch="true" condition-coverage="0% (0/2)" missing-branches="565,570"/>

						<line number="565" hits="0"/>

						<line number="570" hits="0" branch="true" condition-coverage="0% (0/2)" missing-branches="499,571"/>

						<line number="571" hits="0"/>

						<line number="572" hits="0" branch="true" condition-coverage="0% (0/2)" missing-branches="499,573"/>

						<line number="573" hits="0"/>

						<line number="580" hits="0"/>

						<line number="581" hits="0"/>

						<line number="582" hits="0" branch="true" condition-coverage="0% (0/2)" missing-branches="583,587"/>

						<line number="583" hits="0"/>

						<line number="584" hits="0" branch="true" condition-coverage="0% (0/2)" missing-branches="582,585"/>

						<line number="585" hits="0"/>

						<line number="586" hits="0"/>

						<line number="587" hits="0"/>

						<line number="591" hits="0"/>

						<line number="592" hits="0"/>

						<line number="593" hits="0"/>

						<line number="594" hits="0"/>

						<line number="596" hits="0"/>

						<line number="597" hits="0" branch="true" condition-coverage="0% (0/2)" missing-branches="598,601"/>

						<line number="598" hits="0"/>

						<line number="599" hits="0" branch="true" condition-coverage="0% (0/2)" missing-branches="597,600"/>

						<line number="600" hits="0"/>

						<line number="601" hits="0"/>

						<line number="603" hits="0"/>

						<line number="604" hits="0" branch="true" condition-coverage="0% (0/2)" missing-branches="605,608"/>

						<line number="605" hits="0"/>

						<line number="608" hits="0" branch="true" condition-coverage="0% (0/2)" missing-branches="609,686"/>

						<line number="609" hits="0"/>

						<line number="610" hits="0"/>

						<line number="611" hits="0" branch="true" condition-coverage="0% (0/2)" missing-branches="612,686"/>

						<line number="612" hits="0"/>

						<line number="613" hits="0"/>

						<line number="614" hits="0" branch="true" condition-coverage="0% (0/2)" missing-branches="615,618"/>

						<line number="615" hits="0"/>

						<line number="616" hits="0"/>

						<line number="617" hits="0"/>

						<line number="618" hits="0"/>

						<line number="619" hits="0"/>

						<line number="621" hits="0"/>

						<line number="622" hits="0"/>

						<line number="623" hits="0" branch="true" condition-coverage="0% (0/2)" missing-branches="624,626"/>

						<line number="624" hits="0"/>

						<line number="625" hits="0"/>

						<line number="626" hits="0"/>

						<line number="627" hits="0"/>

						<line number="628" hits="0"/>

						<line number="629" hits="0"/>

						<line number="630" hits="0" branch="true" condition-coverage="0% (0/2)" missing-branches="631,632"/>

						<line number="631" hits="0"/>

						<line number="632" hits="0"/>

						<line number="633" hits="0" branch="true" condition-coverage="0% (0/2)" missing-branches="634,635"/>

						<line number="634" hits="0"/>

						<line number="635" hits="0" branch="true" condition-coverage="0% (0/2)" missing-branches="636,658"/>

						<line number="636" hits="0" branch="true" condition-coverage="0% (0/2)" missing-branches="637,638"/>

						<line number="637" hits="0"/>

						<line number="638" hits="0"/>

						<line number="643" hits="0" branch="true" condition-coverage="0% (0/2)" missing-branches="644,645"/>

						<line number="644" hits="0"/>

						<line number="645" hits="0"/>

						<line number="650" hits="0" branch="true" condition-coverage="0% (0/2)" missing-branches="635,651"/>

						<line number="651" hits="0"/>

						<line number="658" hits="0"/>

						<line number="663" hits="0" branch="true" condition-coverage="0% (0/2)" missing-branches="611,664"/>

						<line number="664" hits="0"/>

						<line number="669" hits="0" branch="true" condition-coverage="0% (0/2)" missing-branches="670,675"/>

						<line number="670" hits="0"/>

						<line number="675" hits="0" branch="true" condition-coverage="0% (0/2)" missing-branches="676,677"/>

						<line number="676" hits="0"/>

						<line number="677" hits="0" branch="true" condition-coverage="0% (0/2)" missing-branches="611,678"/>

						<line number="678" hits="0"/>

						<line number="684" hits="0"/>

						<line number="685" hits="0"/>

						<line number="686" hits="0"/>

						<line number="688" hits="1"/>

						<line number="694" hits="0"/>

						<line number="695" hits="0"/>

						<line number="697" hits="0"/>

						<line number="698" hits="0" branch="true" condition-coverage="0% (0/2)" missing-branches="699,700"/>

						<line number="699" hits="0"/>

						<line number="700" hits="0"/>

						<line number="702" hits="1"/>

						<line number="704" hits="0"/>

						<line number="706" hits="0" branch="true" condition-coverage="0% (0/2)" missing-branches="707,708"/>

						<line number="707" hits="0"/>

						<line number="708" hits="0"/>

						<line number="710" hits="1"/>

						<line number="712" hits="0" branch="true" condition-coverage="0% (0/2)" missing-branches="713,715"/>

						<line number="713" hits="0"/>

						<line number="715" hits="0"/>

						<line number="716" hits="0"/>

						<line number="718" hits="1"/>

						<line number="720" hits="0"/>

						<line number="724" hits="0"/>

						<line number="725" hits="0"/>

						<line number="726" hits="0"/>

						<line number="727" hits="0"/>

						<line number="729" hits="1"/>

						<line number="731" hits="0"/>

						<line number="732" hits="0"/>

						<line number="733" hits="0"/>

						<line number="734" hits="0"/>

						<line number="735" hits="0"/>

						<line number="736" hits="0"/>

						<line number="737" hits="0"/>

						<line number="739" hits="1"/>

						<line number="748" hits="0"/>

						<line number="749" hits="0"/>

						<line number="750" hits="0" branch="true" condition-coverage="0% (0/2)" missing-branches="752,762"/>

						<line number="752" hits="0" branch="true" condition-coverage="0% (0/2)" missing-branches="753,757"/>

						<line number="753" hits="0"/>

						<line number="754" hits="0"/>

						<line number="755" hits="0" branch="true" condition-coverage="0% (0/2)" missing-branches="756,757"/>

						<line number="756" hits="0"/>

						<line number="757" hits="0" branch="true" condition-coverage="0% (0/2)" missing-branches="758,762"/>

						<line number="758" hits="0"/>

						<line number="759" hits="0"/>

						<line number="760" hits="0" branch="true" condition-coverage="0% (0/2)" missing-branches="761,762"/>

						<line number="761" hits="0"/>

						<line number="762" hits="0"/>

						<line number="763" hits="0"/>

						<line number="764" hits="0"/>

						<line number="765" hits="0"/>

						<line number="766" hits="0" branch="true" condition-coverage="0% (0/2)" missing-branches="767,770"/>

						<line number="767" hits="0"/>

						<line number="770" hits="0"/>

						<line number="771" hits="0" branch="true" condition-coverage="0% (0/2)" missing-branches="772,780"/>

						<line number="772" hits="0"/>

						<line number="777" hits="0" branch="true" condition-coverage="0% (0/2)" missing-branches="771,778"/>

						<line number="778" hits="0"/>

						<line number="780" hits="0" branch="true" condition-coverage="0% (0/2)" missing-branches="781,819"/>

						<line number="781" hits="0"/>

						<line number="786" hits="0"/>

						<line number="787" hits="0" branch="true" condition-coverage="0% (0/2)" missing-branches="788,789"/>

						<line number="788" hits="0"/>

						<line number="789" hits="0"/>

						<line number="790" hits="0"/>

						<line number="791" hits="0"/>

						<line number="792" hits="0" branch="true" condition-coverage="0% (0/2)" missing-branches="793,804"/>

						<line number="793" hits="0" branch="true" condition-coverage="0% (0/2)" missing-branches="794,795"/>

						<line number="794" hits="0"/>

						<line number="795" hits="0" branch="true" condition-coverage="0% (0/2)" missing-branches="796,797"/>

						<line number="796" hits="0"/>

						<line number="797" hits="0" branch="true" condition-coverage="0% (0/2)" missing-branches="792,798"/>

						<line number="798" hits="0"/>

						<line number="799" hits="0" branch="true" condition-coverage="0% (0/2)" missing-branches="792,800"/>

						<line number="800" hits="0"/>

						<line number="804" hits="0" branch="true" condition-coverage="0% (0/2)" missing-branches="780,805"/>

						<line number="805" hits="0"/>

						<line number="811" hits="0"/>

						<line number="815" hits="0"/>

						<line number="819" hits="0"/>

						<line number="820" hits="0" branch="true" condition-coverage="0% (0/2)" missing-branches="821,839"/>

						<line number="821" hits="0" branch="true" condition-coverage="0% (0/2)" missing-branches="822,823"/>

						<line number="822" hits="0"/>

						<line number="823" hits="0"/>

						<line number="824" hits="0"/>

						<line number="825" hits="0"/>

						<line number="837" hits="0"/>

						<line number="839" hits="0"/>

						<line number="840" hits="0"/>

						<line number="841" hits="0"/>

					</lines>

				</class>

				<class name="grid.py" filename="integrations/grid.py" complexity="0" line-rate="0.975" branch-rate="0.9">

					<methods/>

					<lines>

						<line number="1" hits="1"/>

						<line number="2" hits="1"/>

						<line number="4" hits="1"/>

						<line number="7" hits="1"/>

						<line number="8" hits="1"/>

						<line number="9" hits="1"/>

						<line number="10" hits="1"/>

						<line number="11" hits="1"/>

						<line number="12" hits="1"/>

						<line number="13" hits="1"/>

						<line number="21" hits="1"/>

						<line number="22" hits="1"/>

						<line number="23" hits="1" branch="true" condition-coverage="50% (1/2)" missing-branches="24"/>

						<line number="24" hits="0"/>

						<line number="28" hits="1"/>

						<line number="30" hits="1"/>

						<line number="32" hits="1"/>

						<line number="33" hits="1"/>

						<line number="42" hits="1"/>

						<line number="43" hits="1"/>

						<line number="45" hits="1"/>

						<line number="46" hits="1"/>

						<line number="47" hits="1"/>

						<line number="53" hits="1"/>

						<line number="55" hits="1"/>

						<line number="56" hits="1"/>

						<line number="62" hits="1" branch="true" condition-coverage="100% (2/2)"/>

						<line number="63" hits="1"/>

						<line number="64" hits="1"/>

						<line number="66" hits="1"/>

						<line number="67" hits="1"/>

						<line number="68" hits="1"/>

						<line number="70" hits="1"/>

						<line number="72" hits="1" branch="true" condition-coverage="100% (2/2)"/>

						<line number="73" hits="1"/>

						<line number="74" hits="1" branch="true" condition-coverage="100% (2/2)"/>

						<line number="75" hits="1"/>

						<line number="78" hits="1" branch="true" condition-coverage="100% (2/2)"/>

						<line number="79" hits="1"/>

						<line number="82" hits="1"/>

					</lines>

				</class>

				<class name="oauth_token_cache.py" filename="integrations/oauth_token_cache.py" complexity="0" line-rate="1" branch-rate="1">

					<methods/>

					<lines>

						<line number="29" hits="1"/>

						<line number="31" hits="1"/>

						<line number="32" hits="1"/>

						<line number="33" hits="1"/>

						<line number="34" hits="1"/>

						<line number="36" hits="1"/>

						<line number="38" hits="1"/>

						<line number="40" hits="1"/>

						<line number="41" hits="1"/>

						<line number="44" hits="1"/>

						<line number="53" hits="1"/>

						<line number="65" hits="1" branch="true" condition-coverage="100% (2/2)"/>

						<line number="66" hits="1"/>

						<line number="67" hits="1"/>

						<line number="68" hits="1"/>

						<line number="69" hits="1"/>

						<line number="70" hits="1"/>

						<line number="71" hits="1"/>

						<line number="72" hits="1"/>

						<line number="73" hits="1"/>

						<line number="77" hits="1"/>

						<line number="78" hits="1"/>

						<line number="80" hits="1"/>

						<line number="82" hits="1"/>

						<line number="84" hits="1"/>

						<line number="90" hits="1"/>

						<line number="91" hits="1"/>

						<line number="92" hits="1" branch="true" condition-coverage="100% (2/2)"/>

						<line number="93" hits="1"/>

						<line number="95" hits="1"/>

						<line number="96" hits="1" branch="true" condition-coverage="100% (2/2)"/>

						<line number="97" hits="1"/>

						<line number="98" hits="1" branch="true" condition-coverage="100% (2/2)"/>

						<line number="99" hits="1"/>

						<line number="101" hits="1"/>

						<line number="103" hits="1"/>

						<line number="104" hits="1"/>

						<line number="110" hits="1"/>

						<line number="111" hits="1" branch="true" condition-coverage="100% (2/2)"/>

						<line number="112" hits="1"/>

						<line number="119" hits="1"/>

						<line number="125" hits="1"/>

						<line number="126" hits="1"/>

						<line number="127" hits="1"/>

						<line number="128" hits="1" branch="true" condition-coverage="100% (2/2)"/>

						<line number="129" hits="1"/>

						<line number="130" hits="1"/>

						<line number="131" hits="1"/>

						<line number="132" hits="1"/>

						<line number="135" hits="1"/>

					</lines>

				</class>

				<class name="sigreen.py" filename="integrations/sigreen.py" complexity="0" line-rate="0.5803" branch-rate="0.4872">

					<methods/>

					<lines>

						<line number="1" hits="1"/>

						<line number="2" hits="1"/>

						<line number="3" hits="1"/>

						<line number="4" hits="1"/>

						<line number="5" hits="1"/>

						<line number="6" hits="1"/>

						<line number="7" hits="1"/>

						<line number="8" hits="1"/>

						<line number="10" hits="1"/>

						<line number="12" hits="1"/>

						<line number="13" hits="1"/>

						<line number="16" hits="1"/>

						<line number="24" hits="1"/>

						<line number="25" hits="1"/>

						<line number="27" hits="1"/>

						<line number="28" hits="1" branch="true" condition-coverage="50% (1/2)" missing-branches="32"/>

						<line number="29" hits="1"/>

						<line number="30" hits="0"/>

						<line number="31" hits="0"/>

						<line number="32" hits="0"/>

						<line number="35" hits="1"/>

						<line number="36" hits="1"/>

						<line number="39" hits="1"/>

						<line number="40" hits="1"/>

						<line number="46" hits="1"/>

						<line number="55" hits="1"/>

						<line number="57" hits="1"/>

						<line number="60" hits="1"/>

						<line number="62" hits="1"/>

						<line number="63" hits="1"/>

						<line number="65" hits="1"/>

						<line number="66" hits="0"/>

						<line number="67" hits="0"/>

						<line number="70" hits="1"/>

						<line number="77" hits="1"/>

						<line number="80" hits="1"/>

						<line number="82" hits="1"/>

						<line number="83" hits="1"/>

						<line number="84" hits="1" branch="true" condition-coverage="100% (2/2)"/>

						<line number="85" hits="1"/>

						<line number="86" hits="1"/>

						<line number="89" hits="1"/>

						<line number="99" hits="0"/>

						<line number="102" hits="1"/>

						<line number="110" hits="0"/>

						<line number="111" hits="0"/>

						<line number="116" hits="1"/>

						<line number="119" hits="1"/>

						<line number="120" hits="1"/>

						<line number="121" hits="1"/>

						<line number="122" hits="1"/>

						<line number="123" hits="1"/>

						<line number="124" hits="1" branch="true" condition-coverage="50% (1/2)" missing-branches="exit"/>

						<line number="125" hits="1"/>

						<line number="127" hits="1"/>

						<line number="129" hits="1"/>

						<line number="134" hits="1" branch="true" condition-coverage="50% (1/2)" missing-branches="135"/>

						<line number="135" hits="0"/>

						<line number="136" hits="0"/>

						<line number="137" hits="0"/>

						<line number="138" hits="0"/>

						<line number="139" hits="0"/>

						<line number="140" hits="0"/>

						<line number="142" hits="1"/>

						<line number="144" hits="1"/>

						<line number="148" hits="1"/>

						<line number="149" hits="1"/>

						<line number="152" hits="1"/>

						<line number="154" hits="1"/>

						<line number="155" hits="1"/>

						<line number="156" hits="1" branch="true" condition-coverage="50% (1/2)" missing-branches="157"/>

						<line number="157" hits="0"/>

						<line number="158" hits="1"/>

						<line number="159" hits="1" branch="true" condition-coverage="50% (1/2)" missing-branches="166"/>

						<line number="160" hits="1" branch="true" condition-coverage="100% (2/2)"/>

						<line number="161" hits="1"/>

						<line number="162" hits="1" branch="true" condition-coverage="100% (2/2)"/>

						<line number="163" hits="1"/>

						<line number="164" hits="1" branch="true" condition-coverage="100% (2/2)"/>

						<line number="165" hits="1"/>

						<line number="166" hits="0"/>

						<line number="168" hits="1"/>

						<line number="170" hits="0"/>

						<line number="174" hits="0"/>

						<line number="175" hits="0"/>

						<line number="177" hits="1"/>

						<line number="179" hits="1"/>

						<line number="184" hits="1"/>

						<line number="185" hits="1"/>

						<line number="186" hits="1"/>

						<line number="187" hits="1" branch="true" condition-coverage="50% (1/2)" missing-branches="190"/>

						<line number="188" hits="1"/>

						<line number="190" hits="0"/>

						<line number="191" hits="0"/>

						<line number="195" hits="0"/>

						<line number="196" hits="0" branch="true" condition-coverage="0% (0/2)" missing-branches="197,204"/>

						<line number="197" hits="0" branch="true" condition-coverage="0% (0/2)" missing-branches="198,200"/>

						<line number="198" hits="0" branch="true" condition-coverage="0% (0/2)" missing-branches="197,199"/>

						<line number="199" hits="0"/>

						<line number="200" hits="0" branch="true" condition-coverage="0% (0/2)" missing-branches="196,201"/>

						<line number="201" hits="0"/>

						<line number="202" hits="0"/>

						<line number="203" hits="0"/>

						<line number="204" hits="0"/>

						<line number="208" hits="1"/>

						<line number="210" hits="1"/>

						<line number="211" hits="1" branch="true" condition-coverage="100% (2/2)"/>

						<line number="212" hits="1"/>

						<line number="213" hits="1" branch="true" condition-coverage="100% (2/2)"/>

						<line number="214" hits="1"/>

						<line number="215" hits="1"/>

						<line number="221" hits="1"/>

						<line number="222" hits="1"/>

						<line number="224" hits="1"/>

						<line number="226" hits="1" branch="true" condition-coverage="50% (1/2)" missing-branches="229"/>

						<line number="227" hits="1"/>

						<line number="229" hits="1"/>

						<line number="230" hits="1"/>

						<line number="231" hits="1" branch="true" condition-coverage="100% (2/2)"/>

						<line number="232" hits="1" branch="true" condition-coverage="50% (1/2)" missing-branches="233"/>

						<line number="233" hits="0"/>

						<line number="234" hits="1"/>

						<line number="235" hits="1"/>

						<line number="236" hits="1"/>

						<line number="237" hits="0"/>

						<line number="238" hits="0"/>

						<line number="239" hits="1"/>

						<line number="240" hits="1" branch="true" condition-coverage="50% (1/2)" missing-branches="242"/>

						<line number="241" hits="1"/>

						<line number="242" hits="0" branch="true" condition-coverage="0% (0/2)" missing-branches="231,243"/>

						<line number="243" hits="0" branch="true" condition-coverage="0% (0/2)" missing-branches="242,244"/>

						<line number="244" hits="0" branch="true" condition-coverage="0% (0/2)" missing-branches="243,245"/>

						<line number="245" hits="0"/>

						<line number="247" hits="1"/>

						<line number="248" hits="1"/>

						<line number="249" hits="1"/>

						<line number="250" hits="0"/>

						<line number="251" hits="0"/>

						<line number="252" hits="1" branch="true" condition-coverage="100% (2/2)"/>

						<line number="253" hits="1" branch="true" condition-coverage="100% (2/2)"/>

						<line number="254" hits="1" branch="true" condition-coverage="100% (2/2)"/>

						<line number="255" hits="1"/>

						<line number="256" hits="1"/>

						<line number="258" hits="1"/>

						<line number="260" hits="1"/>

						<line number="265" hits="1"/>

						<line number="266" hits="1"/>

						<line number="268" hits="1"/>

						<line number="270" hits="0"/>

						<line number="275" hits="0"/>

						<line number="276" hits="0"/>

						<line number="278" hits="1"/>

						<line number="284" hits="0"/>

						<line number="285" hits="0"/>

						<line number="286" hits="0"/>

						<line number="287" hits="0"/>

						<line number="288" hits="0"/>

						<line number="289" hits="0"/>

						<line number="290" hits="0"/>

						<line number="291" hits="0"/>

						<line number="292" hits="0"/>

						<line number="294" hits="1"/>

						<line number="299" hits="1"/>

						<line number="300" hits="1"/>

[...]

						<line number="241" hits="1"/>

						<line number="242" hits="1"/>

						<line number="243" hits="1" branch="true" condition-coverage="50% (1/2)" missing-branches="246"/>

						<line number="244" hits="1"/>

						<line number="246" hits="0"/>

						<line number="248" hits="1"/>

						<line number="249" hits="1"/>

						<line number="250" hits="1" branch="true" condition-coverage="100% (2/2)"/>

						<line number="251" hits="1" branch="true" condition-coverage="50% (1/2)" missing-branches="252"/>

						<line number="252" hits="0"/>

						<line number="253" hits="1"/>

						<line number="254" hits="1"/>

						<line number="255" hits="1"/>

					</lines>

				</class>

				<class name="login_rate_limit.py" filename="services/login_rate_limit.py" complexity="0" line-rate="0.9412" branch-rate="0.5">

					<methods/>

					<lines>

						<line number="3" hits="1"/>

						<line number="5" hits="1"/>

						<line number="6" hits="1"/>

						<line number="7" hits="1"/>

						<line number="9" hits="1"/>

						<line number="10" hits="1"/>

						<line number="12" hits="1"/>

						<line number="13" hits="1"/>

						<line number="16" hits="1"/>

						<line number="18" hits="1"/>

						<line number="19" hits="1"/>

						<line number="20" hits="1"/>

						<line number="21" hits="1"/>

						<line number="22" hits="1" branch="true" condition-coverage="50% (1/2)" missing-branches="23"/>

						<line number="23" hits="0"/>

						<line number="24" hits="1"/>

						<line number="25" hits="1"/>

					</lines>

				</class>

				<class name="material_pcf.py" filename="services/material_pcf.py" complexity="0" line-rate="0.9153" branch-rate="0.9091">

					<methods/>

					<lines>

						<line number="6" hits="1"/>

						<line number="8" hits="1"/>

						<line number="9" hits="1"/>

						<line number="11" hits="1"/>

						<line number="12" hits="1"/>

						<line number="13" hits="1"/>

						<line number="15" hits="1"/>

						<line number="18" hits="1"/>

						<line number="19" hits="1"/>

						<line number="22" hits="1"/>

						<line number="23" hits="1"/>

						<line number="24" hits="1"/>

						<line number="27" hits="1"/>

						<line number="40" hits="1" branch="true" condition-coverage="100% (2/2)"/>

						<line number="41" hits="1"/>

						<line number="42" hits="1"/>

						<line number="43" hits="1" branch="true" condition-coverage="100% (2/2)"/>

						<line number="44" hits="1"/>

						<line number="46" hits="1"/>

						<line number="47" hits="1" branch="true" condition-coverage="50% (1/2)" missing-branches="48"/>

						<line number="48" hits="0"/>

						<line number="50" hits="1"/>

						<line number="51" hits="1"/>

						<line number="52" hits="1" branch="true" condition-coverage="100% (2/2)"/>

						<line number="53" hits="1"/>

						<line number="54" hits="1" branch="true" condition-coverage="50% (1/2)" missing-branches="55"/>

						<line number="55" hits="0"/>

						<line number="56" hits="1"/>

						<line number="57" hits="1"/>

						<line number="58" hits="1"/>

						<line number="59" hits="0"/>

						<line number="60" hits="0"/>

						<line number="64" hits="0"/>

						<line number="65" hits="1" branch="true" condition-coverage="100% (2/2)"/>

						<line number="66" hits="1"/>

						<line number="71" hits="1"/>

						<line number="72" hits="1"/>

						<line number="73" hits="1" branch="true" condition-coverage="100% (2/2)"/>

						<line number="74" hits="1"/>

						<line number="79" hits="1"/>

						<line number="83" hits="1"/>

						<line number="86" hits="1"/>

						<line number="95" hits="1"/>

						<line number="96" hits="1"/>

						<line number="97" hits="1" branch="true" condition-coverage="100% (2/2)"/>

						<line number="98" hits="1"/>

						<line number="99" hits="1" branch="true" condition-coverage="100% (2/2)"/>

						<line number="100" hits="1"/>

						<line number="101" hits="1"/>

						<line number="102" hits="1"/>

						<line number="103" hits="1"/>

						<line number="104" hits="1"/>

						<line number="105" hits="1"/>

						<line number="111" hits="1" branch="true" condition-coverage="100% (2/2)"/>

						<line number="112" hits="1"/>

						<line number="113" hits="1" branch="true" condition-coverage="100% (2/2)"/>

						<line number="114" hits="1"/>

						<line number="115" hits="1"/>

						<line number="116" hits="1"/>

					</lines>

				</class>

				<class name="overview_service.py" filename="services/overview_service.py" complexity="0" line-rate="1" branch-rate="0.9286">

					<methods/>

					<lines>

						<line number="2" hits="1"/>

						<line number="4" hits="1"/>

						<line number="6" hits="1"/>

						<line number="9" hits="1"/>

						<line number="11" hits="1"/>

						<line number="12" hits="1"/>

						<line number="13" hits="1"/>

						<line number="14" hits="1"/>

						<line number="15" hits="1"/>

						<line number="16" hits="1"/>

						<line number="17" hits="1"/>

						<line number="18" hits="1"/>

						<line number="19" hits="1"/>

						<line number="21" hits="1" branch="true" condition-coverage="100% (2/2)"/>

						<line number="22" hits="1"/>

						<line number="23" hits="1"/>

						<line number="24" hits="1"/>

						<line number="25" hits="1"/>

						<line number="27" hits="1"/>

						<line number="28" hits="1"/>

						<line number="29" hits="1" branch="true" condition-coverage="50% (1/2)" missing-branches="35"/>

						<line number="30" hits="1" branch="true" condition-coverage="100% (2/2)"/>

						<line number="31" hits="1"/>

						<line number="32" hits="1"/>

						<line number="33" hits="1"/>

						<line number="35" hits="1"/>

						<line number="36" hits="1"/>

						<line number="38" hits="1"/>

						<line number="39" hits="1"/>

						<line number="40" hits="1" branch="true" condition-coverage="100% (2/2)"/>

						<line number="41" hits="1"/>

						<line number="42" hits="1" branch="true" condition-coverage="100% (2/2)"/>

						<line number="43" hits="1"/>

						<line number="44" hits="1"/>

						<line number="45" hits="1"/>

						<line number="46" hits="1"/>

						<line number="48" hits="1"/>

						<line number="57" hits="1"/>

						<line number="58" hits="1" branch="true" condition-coverage="100% (2/2)"/>

						<line number="59" hits="1"/>

						<line number="60" hits="1" branch="true" condition-coverage="100% (2/2)"/>

						<line number="61" hits="1"/>

						<line number="62" hits="1"/>

						<line number="63" hits="1"/>

						<line number="64" hits="1"/>

						<line number="65" hits="1"/>

						<line number="66" hits="1"/>

						<line number="79" hits="1"/>

					</lines>

				</class>

				<class name="pcf_builder.py" filename="services/pcf_builder.py" complexity="0" line-rate="1" branch-rate="1">

					<methods/>

					<lines>

						<line number="11" hits="1"/>

						<line number="13" hits="1"/>

						<line number="15" hits="1"/>

						<line number="18" hits="1"/>

						<line number="19" hits="1"/>

						<line number="22" hits="1"/>

						<line number="42" hits="1"/>

						<line number="43" hits="1"/>

						<line number="45" hits="1"/>

						<line number="46" hits="1"/>

						<line number="47" hits="1"/>

						<line number="49" hits="1"/>

						<line number="52" hits="1" branch="true" condition-coverage="100% (2/2)"/>

						<line number="53" hits="1"/>

						<line number="61" hits="1" branch="true" condition-coverage="100% (2/2)"/>

						<line number="62" hits="1"/>

						<line number="63" hits="1" branch="true" condition-coverage="100% (2/2)"/>

						<line number="64" hits="1"/>

						<line number="65" hits="1"/>

						<line number="73" hits="1" branch="true" condition-coverage="100% (2/2)"/>

						<line number="74" hits="1" branch="true" condition-coverage="100% (2/2)"/>

						<line number="75" hits="1"/>

						<line number="76" hits="1"/>

						<line number="83" hits="1"/>

						<line number="93" hits="1"/>

						<line number="94" hits="1"/>

						<line number="95" hits="1"/>

						<line number="96" hits="1"/>

						<line number="97" hits="1" branch="true" condition-coverage="100% (2/2)"/>

						<line number="98" hits="1"/>

						<line number="99" hits="1"/>

						<line number="100" hits="1" branch="true" condition-coverage="100% (2/2)"/>

						<line number="101" hits="1"/>

						<line number="102" hits="1"/>

					</lines>

				</class>

				<class name="pcf_service.py" filename="services/pcf_service.py" complexity="0" line-rate="0.9194" branch-rate="0.8">

					<methods/>

					<lines>

						<line number="8" hits="1"/>

						<line number="10" hits="1"/>

						<line number="11" hits="1"/>

						<line number="12" hits="1"/>

						<line number="13" hits="1"/>

						<line number="14" hits="1"/>

						<line number="16" hits="1"/>

						<line number="18" hits="1"/>

						<line number="19" hits="1"/>

						<line number="20" hits="1"/>

						<line number="21" hits="1"/>

						<line number="22" hits="1"/>

						<line number="23" hits="1"/>

						<line number="24" hits="1"/>

						<line number="25" hits="1"/>

						<line number="27" hits="1"/>

						<line number="30" hits="1"/>

						<line number="32" hits="1"/>

						<line number="35" hits="1"/>

						<line number="36" hits="1"/>

						<line number="39" hits="1"/>

						<line number="45" hits="1"/>

						<line number="46" hits="1"/>

						<line number="51" hits="1"/>

						<line number="64" hits="1"/>

						<line number="71" hits="1"/>

						<line number="72" hits="1"/>

						<line number="73" hits="1"/>

						<line number="74" hits="1"/>

						<line number="75" hits="1" branch="true" condition-coverage="100% (2/2)"/>

						<line number="76" hits="1"/>

						<line number="77" hits="1"/>

						<line number="78" hits="1"/>

						<line number="79" hits="0"/>

						<line number="80" hits="0"/>

						<line number="82" hits="1" branch="true" condition-coverage="100% (2/2)"/>

						<line number="83" hits="1"/>

						<line number="85" hits="1" branch="true" condition-coverage="100% (2/2)"/>

						<line number="86" hits="1"/>

						<line number="92" hits="1"/>

						<line number="93" hits="1"/>

						<line number="94" hits="1" branch="true" condition-coverage="50% (1/2)" missing-branches="116"/>

						<line number="95" hits="1"/>

						<line number="96" hits="1"/>

						<line number="97" hits="1"/>

						<line number="98" hits="1"/>

						<line number="99" hits="1"/>

						<line number="100" hits="1"/>

						<line number="104" hits="1"/>

						<line number="105" hits="1"/>

						<line number="106" hits="1"/>

						<line number="107" hits="1" branch="true" condition-coverage="50% (1/2)" missing-branches="94"/>

						<line number="108" hits="1"/>

						<line number="112" hits="1"/>

						<line number="113" hits="0"/>

						<line number="114" hits="0"/>

						<line number="116" hits="0"/>

						<line number="121" hits="1"/>

						<line number="123" hits="1"/>

						<line number="124" hits="1"/>

						<line number="125" hits="1"/>

						<line number="126" hits="1"/>

					</lines>

				</class>

				<class name="security_service.py" filename="services/security_service.py" complexity="0" line-rate="1" branch-rate="0.9286">

					<methods/>

					<lines>

						<line number="1" hits="1"/>

						<line number="3" hits="1"/>

						<line number="4" hits="1"/>

						<line number="5" hits="1"/>

						<line number="7" hits="1"/>

						<line number="8" hits="1"/>

						<line number="9" hits="1"/>

						<line number="11" hits="1"/>

						<line number="13" hits="1"/>

						<line number="15" hits="1"/>

						<line number="16" hits="1"/>

						<line number="19" hits="1"/>

						<line number="21" hits="1"/>

						<line number="22" hits="1"/>

						<line number="25" hits="1"/>

						<line number="27" hits="1"/>

						<line number="28" hits="1"/>

						<line number="31" hits="1"/>

						<line number="32" hits="1"/>

						<line number="39" hits="1"/>

						<line number="41" hits="1"/>

						<line number="42" hits="1"/>

						<line number="45" hits="1"/>

						<line number="47" hits="1"/>

						<line number="48" hits="1"/>

						<line number="49" hits="1"/>

						<line number="50" hits="1" branch="true" condition-coverage="100% (2/2)"/>

						<line number="51" hits="1"/>

						<line number="52" hits="1"/>

						<line number="53" hits="1"/>

						<line number="54" hits="1"/>

						<line number="57" hits="1"/>

						<line number="62" hits="1"/>

						<line number="65" hits="1"/>

						<line number="69" hits="1" branch="true" condition-coverage="100% (2/2)"/>

						<line number="70" hits="1"/>

						<line number="75" hits="1"/>

						<line number="78" hits="1"/>

						<line number="80" hits="1"/>

						<line number="81" hits="1" branch="true" condition-coverage="100% (2/2)"/>

						<line number="82" hits="1"/>

						<line number="86" hits="1"/>

						<line number="87" hits="1" branch="true" condition-coverage="100% (2/2)"/>

						<line number="88" hits="1"/>

						<line number="92" hits="1"/>

						<line number="95" hits="1"/>

						<line number="97" hits="1" branch="true" condition-coverage="100% (2/2)"/>

						<line number="98" hits="1"/>

						<line number="99" hits="1" branch="true" condition-coverage="50% (1/2)" missing-branches="101"/>

						<line number="100" hits="1"/>

						<line number="101" hits="1" branch="true" condition-coverage="100% (2/2)"/>

						<line number="102" hits="1"/>

						<line number="103" hits="1"/>

						<line number="106" hits="1"/>

						<line number="108" hits="1"/>

						<line number="117" hits="1"/>

						<line number="119" hits="1"/>

					</lines>

				</class>

				<class name="sigreen_factory.py" filename="services/sigreen_factory.py" complexity="0" line-rate="0.8378" branch-rate="1">

					<methods/>

					<lines>

						<line number="2" hits="1"/>

						<line number="4" hits="1"/>

						<line number="5" hits="1"/>

						<line number="7" hits="1"/>

						<line number="12" hits="1"/>

						<line number="15" hits="1"/>

						<line number="16" hits="1"/>

						<line number="19" hits="1"/>

						<line number="20" hits="1"/>

						<line number="23" hits="1"/>

						<line number="25" hits="1"/>

						<line number="26" hits="1"/>

						<line number="27" hits="1"/>

						<line number="29" hits="1"/>

						<line number="36" hits="1"/>

						<line number="38" hits="1"/>

						<line number="39" hits="1" branch="true" condition-coverage="100% (2/2)"/>

						<line number="40" hits="1"/>

						<line number="41" hits="1"/>

						<line number="42" hits="1"/>

						<line number="43" hits="0"/>

						<line number="44" hits="0"/>

						<line number="45" hits="0"/>

						<line number="47" hits="1"/>

						<line number="48" hits="1"/>

						<line number="49" hits="0"/>

						<line number="50" hits="0"/>

						<line number="51" hits="0"/>

						<line number="54" hits="1"/>

						<line number="56" hits="1"/>

						<line number="57" hits="1"/>

						<line number="58" hits="1"/>

						<line number="60" hits="1"/>

						<line number="61" hits="1"/>

						<line number="66" hits="1" branch="true" condition-coverage="100% (2/2)"/>

						<line number="67" hits="1"/>

						<line number="72" hits="1"/>

					</lines>

				</class>

			</classes>

		</package>

		<package name="storage" line-rate="0.7766" branch-rate="0.5833" complexity="0">

			<classes>

				<class name="__init__.py" filename="storage/__init__.py" complexity="0" line-rate="1" branch-rate="1">

					<methods/>

					<lines>

						<line number="1" hits="1"/>

						<line number="3" hits="1"/>

					</lines>

				</class>

				<class name="json_store.py" filename="storage/json_store.py" complexity="0" line-rate="0.7717" branch-rate="0.5833">

					<methods/>

					<lines>

						<line number="11" hits="1"/>

						<line number="13" hits="1"/>

						<line number="14" hits="1"/>

						<line number="15" hits="1"/>

						<line number="16" hits="1"/>

						<line number="17" hits="1"/>

						<line number="19" hits="1"/>

						<line number="21" hits="1"/>

						<line number="24" hits="1"/>

						<line number="25" hits="1"/>

						<line number="33" hits="1"/>

						<line number="34" hits="1"/>

						<line number="35" hits="1"/>

						<line number="36" hits="1"/>

						<line number="41" hits="1"/>

						<line number="42" hits="1" branch="true" condition-coverage="100% (2/2)"/>

						<line number="43" hits="1"/>

						<line number="44" hits="1" branch="true" condition-coverage="100% (2/2)"/>

						<line number="45" hits="1"/>

						<line number="46" hits="1"/>

						<line number="47" hits="1"/>

						<line number="48" hits="1" branch="true" condition-coverage="50% (1/2)" missing-branches="50"/>

						<line number="49" hits="1"/>

						<line number="50" hits="1"/>

						<line number="51" hits="1"/>

						<line number="53" hits="1"/>

						<line number="54" hits="1"/>

						<line number="55" hits="1" branch="true" condition-coverage="100% (2/2)"/>

						<line number="56" hits="1"/>

						<line number="61" hits="1"/>

						<line number="62" hits="1"/>

						<line number="64" hits="1"/>

						<line number="65" hits="1"/>

						<line number="67" hits="1"/>

						<line number="68" hits="1" branch="true" condition-coverage="100% (2/2)"/>

						<line number="69" hits="1"/>

						<line number="70" hits="1"/>

						<line number="71" hits="1"/>

						<line number="72" hits="1"/>

						<line number="73" hits="1"/>

						<line number="74" hits="1"/>

						<line number="75" hits="1"/>

						<line number="76" hits="1"/>

						<line number="78" hits="1"/>

						<line number="79" hits="1"/>

						<line number="80" hits="1"/>

						<line number="81" hits="1"/>

						<line number="82" hits="1"/>

						<line number="83" hits="0"/>

						<line number="84" hits="0"/>

						<line number="86" hits="1"/>

						<line number="87" hits="1"/>

						<line number="88" hits="1" branch="true" condition-coverage="50% (1/2)" missing-branches="89"/>

						<line number="89" hits="0"/>

						<line number="90" hits="0"/>

						<line number="91" hits="1" branch="true" condition-coverage="50% (1/2)" missing-branches="103"/>

						<line number="92" hits="1"/>

						<line number="93" hits="1"/>

						<line number="94" hits="1"/>

						<line number="95" hits="1"/>

						<line number="96" hits="1"/>

						<line number="97" hits="1" branch="true" condition-coverage="50% (1/2)" missing-branches="99"/>

						<line number="98" hits="1"/>

						<line number="99" hits="0" branch="true" condition-coverage="0% (0/2)" missing-branches="100,102"/>

						<line number="100" hits="0"/>

						<line number="102" hits="0"/>

						<line number="103" hits="0"/>

						<line number="105" hits="1"/>

						<line number="106" hits="1"/>

						<line number="107" hits="1" branch="true" condition-coverage="50% (1/2)" missing-branches="108"/>

						<line number="108" hits="0"/>

						<line number="109" hits="1" branch="true" condition-coverage="50% (1/2)" missing-branches="exit"/>

						<line number="110" hits="1"/>

						<line number="111" hits="1"/>

						<line number="117" hits="1"/>

						<line number="118" hits="0"/>

						<line number="119" hits="0" branch="true" condition-coverage="0% (0/2)" missing-branches="120,122"/>

						<line number="120" hits="0"/>

						<line number="122" hits="0"/>

						<line number="125" hits="1"/>

						<line number="126" hits="0"/>

						<line number="127" hits="0"/>

						<line number="128" hits="0"/>

						<line number="129" hits="0"/>

						<line number="130" hits="0"/>

						<line number="131" hits="0"/>

						<line number="137" hits="1"/>

						<line number="139" hits="1"/>

						<line number="140" hits="1"/>

						<line number="141" hits="0"/>

						<line number="142" hits="0"/>

						<line number="143" hits="1"/>

					</lines>

				</class>

			</classes>

		</package>

	</packages>

</coverage>

