<?xml version="1.0" ?>
<coverage version="7.13.5" timestamp="1780055171187" lines-valid="3430" lines-covered="3282" line-rate="0.9569" branches-valid="1016" branches-covered="880" branch-rate="0.8661" complexity="0">
	<!-- Generated by coverage.py: https://coverage.readthedocs.io/en/7.13.5 -->
	<!-- Based on https://raw.githubusercontent.com/cobertura/web/master/htdocs/xml/coverage-04.dtd -->
	<sources>
		<source>app</source>
	</sources>
	<packages>
		<package name="." line-rate="1" branch-rate="1" complexity="0">
			<classes>
				<class name="__init__.py" filename="__init__.py" complexity="0" line-rate="1" branch-rate="1">
					<methods/>
					<lines/>
				</class>
				<class name="main.py" filename="main.py" complexity="0" line-rate="1" branch-rate="1">
					<methods/>
					<lines>
						<line number="25" hits="1"/>
						<line number="29" hits="1"/>
						<line number="31" hits="1"/>
						<line number="35" hits="1"/>
						<line number="37" hits="1"/>
						<line number="39" hits="1"/>
						<line number="41" hits="1"/>
						<line number="45" hits="1"/>
						<line number="47" hits="1"/>
						<line number="49" hits="1"/>
						<line number="51" hits="1"/>
						<line number="53" hits="1"/>
						<line number="55" hits="1"/>
						<line number="71" hits="1"/>
						<line number="77" hits="1"/>
						<line number="99" hits="1"/>
						<line number="113" hits="1"/>
						<line number="131" hits="1"/>
						<line number="133" hits="1"/>
						<line number="135" hits="1" branch="true" condition-coverage="100% (2/2)"/>
						<line number="141" hits="1"/>
						<line number="143" hits="1"/>
						<line number="147" hits="1" branch="true" condition-coverage="100% (2/2)"/>
						<line number="149" hits="1" branch="true" condition-coverage="100% (2/2)"/>
						<line number="151" hits="1"/>
						<line number="159" hits="1"/>
						<line number="167" hits="1"/>
						<line number="169" hits="1"/>
						<line number="175" hits="1"/>
						<line number="179" hits="1"/>
						<line number="195" hits="1"/>
						<line number="197" hits="1"/>
						<line number="199" hits="1"/>
						<line number="203" hits="1"/>
						<line number="215" hits="1"/>
						<line number="219" hits="1"/>
						<line number="235" hits="1"/>
						<line number="255" hits="1"/>
						<line number="257" hits="1"/>
						<line number="259" hits="1"/>
						<line number="261" hits="1"/>
						<line number="263" hits="1"/>
						<line number="265" hits="1"/>
						<line number="267" hits="1"/>
						<line number="269" hits="1"/>
						<line number="275" hits="1"/>
						<line number="277" hits="1"/>
						<line number="283" hits="1"/>
						<line number="287" hits="1"/>
						<line number="289" hits="1"/>
						<line number="291" hits="1"/>
						<line number="293" hits="1"/>
						<line number="305" hits="1" branch="true" condition-coverage="100% (2/2)"/>
						<line number="307" hits="1"/>
						<line number="309" hits="1"/>
						<line number="327" hits="1"/>
						<line number="335" hits="1"/>
						<line number="341" hits="1"/>
					</lines>
				</class>
			</classes>
		</package>
		<package name="api" line-rate="1" branch-rate="1" complexity="0">
			<classes>
				<class name="__init__.py" filename="api/__init__.py" complexity="0" line-rate="1" branch-rate="1">
					<methods/>
					<lines/>
				</class>
				<class name="deps.py" filename="api/deps.py" complexity="0" line-rate="1" branch-rate="1">
					<methods/>
					<lines>
						<line number="5" hits="1"/>
						<line number="9" hits="1"/>
						<line number="11" hits="1"/>
						<line number="15" hits="1"/>
						<line number="19" hits="1"/>
						<line number="21" hits="1"/>
						<line number="23" hits="1"/>
						<line number="25" hits="1"/>
						<line number="27" hits="1"/>
						<line number="33" hits="1"/>
						<line number="37" hits="1"/>
						<line number="43" hits="1"/>
						<line number="49" hits="1"/>
						<line number="63" hits="1"/>
						<line number="67" hits="1"/>
						<line number="73" hits="1"/>
						<line number="79" hits="1"/>
						<line number="83" hits="1"/>
						<line number="89" hits="1"/>
						<line number="95" hits="1"/>
						<line number="117" hits="1"/>
						<line number="119" hits="1"/>
						<line number="123" hits="1"/>
						<line number="137" hits="1"/>
						<line number="141" hits="1"/>
						<line number="151" hits="1"/>
						<line number="153" hits="1"/>
						<line number="157" hits="1"/>
						<line number="177" hits="1"/>
						<line number="179" hits="1"/>
					</lines>
				</class>
			</classes>
		</package>
		<package name="api.routers" line-rate="0.9898" branch-rate="0.9643" complexity="0">
			<classes>
				<class name="__init__.py" filename="api/routers/__init__.py" complexity="0" line-rate="1" branch-rate="1">
					<methods/>
					<lines/>
				</class>
				<class name="admin.py" filename="api/routers/admin.py" complexity="0" line-rate="1" branch-rate="1">
					<methods/>
					<lines>
						<line number="3" hits="1"/>
						<line number="7" hits="1"/>
						<line number="9" hits="1"/>
						<line number="11" hits="1"/>
						<line number="15" hits="1"/>
						<line number="19" hits="1"/>
						<line number="21" hits="1"/>
						<line number="23" hits="1"/>
						<line number="29" hits="1"/>
						<line number="35" hits="1"/>
						<line number="37" hits="1"/>
						<line number="47" hits="1"/>
						<line number="49" hits="1"/>
						<line number="53" hits="1"/>
						<line number="55" hits="1"/>
						<line number="57" hits="1"/>
					</lines>
				</class>
				<class name="auth.py" filename="api/routers/auth.py" complexity="0" line-rate="1" branch-rate="1">
					<methods/>
					<lines>
						<line number="3" hits="1"/>
						<line number="7" hits="1"/>
						<line number="9" hits="1"/>
						<line number="13" hits="1"/>
						<line number="15" hits="1"/>
						<line number="19" hits="1"/>
						<line number="21" hits="1"/>
						<line number="23" hits="1"/>
						<line number="25" hits="1"/>
						<line number="27" hits="1"/>
						<line number="41" hits="1"/>
						<line number="71" hits="1"/>
						<line number="81" hits="1"/>
						<line number="85" hits="1"/>
						<line number="89" hits="1"/>
						<line number="91" hits="1"/>
						<line number="93" hits="1"/>
						<line number="99" hits="1"/>
						<line number="101" hits="1"/>
						<line number="107" hits="1"/>
						<line number="109" hits="1"/>
						<line number="111" hits="1"/>
						<line number="113" hits="1"/>
						<line number="119" hits="1"/>
						<line number="133" hits="1"/>
						<line number="135" hits="1"/>
						<line number="137" hits="1"/>
						<line number="143" hits="1"/>
						<line number="145" hits="1"/>
						<line number="149" hits="1"/>
						<line number="151" hits="1"/>
						<line number="153" hits="1"/>
						<line number="175" hits="1"/>
						<line number="177" hits="1"/>
						<line number="181" hits="1"/>
						<line number="185" hits="1"/>
						<line number="187" hits="1" branch="true" condition-coverage="100% (2/2)"/>
						<line number="189" hits="1"/>
						<line number="191" hits="1"/>
						<line number="193" hits="1" branch="true" condition-coverage="100% (2/2)"/>
						<line number="195" hits="1"/>
						<line number="197" hits="1"/>
						<line number="203" hits="1"/>
						<line number="205" hits="1"/>
						<line number="209" hits="1"/>
						<line number="211" hits="1"/>
						<line number="217" hits="1"/>
						<line number="221" hits="1"/>
						<line number="223" hits="1" branch="true" condition-coverage="100% (2/2)"/>
						<line number="225" hits="1"/>
						<line number="227" hits="1"/>
						<line number="229" hits="1"/>
						<line number="231" hits="1"/>
						<line number="233" hits="1"/>
						<line number="235" hits="1"/>
						<line number="237" hits="1"/>
						<line number="243" hits="1"/>
						<line number="245" hits="1"/>
						<line number="249" hits="1" branch="true" condition-coverage="100% (2/2)"/>
						<line number="251" hits="1"/>
						<line number="261" hits="1"/>
						<line number="263" hits="1"/>
						<line number="265" hits="1"/>
						<line number="269" hits="1" branch="true" condition-coverage="100% (2/2)"/>
						<line number="277" hits="1"/>
						<line number="279" hits="1" branch="true" condition-coverage="100% (2/2)"/>
						<line number="281" hits="1"/>
						<line number="283" hits="1"/>
						<line number="293" hits="1"/>
						<line number="301" hits="1"/>
						<line number="305" hits="1"/>
						<line number="307" hits="1"/>
						<line number="309" hits="1"/>
						<line number="319" hits="1"/>
						<line number="325" hits="1"/>
						<line number="327" hits="1"/>
						<line number="329" hits="1" branch="true" condition-coverage="100% (2/2)"/>
						<line number="331" hits="1"/>
						<line number="333" hits="1"/>
						<line number="335" hits="1"/>
						<line number="337" hits="1"/>
						<line number="339" hits="1"/>
						<line number="341" hits="1"/>
						<line number="343" hits="1"/>
						<line number="345" hits="1"/>
						<line number="351" hits="1"/>
						<line number="353" hits="1"/>
						<line number="355" hits="1"/>
						<line number="359" hits="1" branch="true" condition-coverage="100% (2/2)"/>
						<line number="361" hits="1"/>
						<line number="363" hits="1"/>
						<line number="367" hits="1"/>
						<line number="369" hits="1" branch="true" condition-coverage="100% (2/2)"/>
						<line number="371" hits="1"/>
						<line number="373" hits="1"/>
						<line number="375" hits="1" branch="true" condition-coverage="100% (2/2)"/>
						<line number="377" hits="1"/>
						<line number="379" hits="1"/>
						<line number="383" hits="1" branch="true" condition-coverage="100% (2/2)"/>
						<line number="385" hits="1"/>
						<line number="389" hits="1"/>
						<line number="391" hits="1"/>
						<line number="393" hits="1"/>
						<line number="395" hits="1"/>
						<line number="397" hits="1"/>
						<line number="401" hits="1"/>
						<line number="403" hits="1" branch="true" condition-coverage="100% (2/2)"/>
						<line number="405" hits="1"/>
						<line number="409" hits="1"/>
						<line number="411" hits="1"/>
						<line number="413" hits="1"/>
						<line number="415" hits="1"/>
						<line number="417" hits="1"/>
						<line number="421" hits="1" branch="true" condition-coverage="100% (2/2)"/>
						<line number="423" hits="1"/>
						<line number="427" hits="1"/>
						<line number="429" hits="1"/>
						<line number="431" hits="1" branch="true" condition-coverage="100% (2/2)"/>
						<line number="433" hits="1"/>
						<line number="435" hits="1"/>
						<line number="439" hits="1" branch="true" condition-coverage="100% (2/2)"/>
						<line number="441" hits="1"/>
						<line number="443" hits="1"/>
						<line number="447" hits="1"/>
						<line number="451" hits="1"/>
						<line number="453" hits="1"/>
						<line number="463" hits="1"/>
						<line number="469" hits="1"/>
						<line number="471" hits="1"/>
						<line number="475" hits="1"/>
						<line number="477" hits="1"/>
						<line number="479" hits="1"/>
						<line number="481" hits="1"/>
					</lines>
				</class>
				<class name="config.py" filename="api/routers/config.py" complexity="0" line-rate="0.9797" branch-rate="0.94">
					<methods/>
					<lines>
						<line number="3" hits="1"/>
						<line number="7" hits="1"/>
						<line number="9" hits="1"/>
						<line number="13" hits="1"/>
						<line number="15" hits="1"/>
						<line number="19" hits="1"/>
						<line number="21" hits="1"/>
						<line number="23" hits="1"/>
						<line number="27" hits="1"/>
						<line number="45" hits="1"/>
						<line number="55" hits="1"/>
						<line number="57" hits="1"/>
						<line number="59" hits="1"/>
						<line number="61" hits="1"/>
						<line number="63" hits="1"/>
						<line number="67" hits="1"/>
						<line number="73" hits="1"/>
						<line number="75" hits="1"/>
						<line number="79" hits="1"/>
						<line number="85" hits="1"/>
						<line number="87" hits="1"/>
						<line number="91" hits="1"/>
						<line number="97" hits="1"/>
						<line number="99" hits="1"/>
						<line number="103" hits="1"/>
						<line number="109" hits="1"/>
						<line number="111" hits="1"/>
						<line number="119" hits="1"/>
						<line number="121" hits="1"/>
						<line number="123" hits="1"/>
						<line number="129" hits="1"/>
						<line number="131" hits="1"/>
						<line number="141" hits="1"/>
						<line number="143" hits="1" branch="true" condition-coverage="100% (2/2)"/>
						<line number="145" hits="1"/>
						<line number="147" hits="1"/>
						<line number="153" hits="1"/>
						<line number="155" hits="1"/>
						<line number="163" hits="1"/>
						<line number="165" hits="1"/>
						<line number="167" hits="1"/>
						<line number="173" hits="1"/>
						<line number="175" hits="1"/>
						<line number="185" hits="1"/>
						<line number="187" hits="1" branch="true" condition-coverage="100% (2/2)"/>
						<line number="189" hits="1"/>
						<line number="191" hits="1"/>
						<line number="197" hits="1"/>
						<line number="199" hits="1"/>
						<line number="207" hits="1"/>
						<line number="209" hits="1"/>
						<line number="211" hits="1"/>
						<line number="217" hits="1"/>
						<line number="219" hits="1"/>
						<line number="229" hits="1"/>
						<line number="231" hits="1"/>
						<line number="237" hits="1"/>
						<line number="239" hits="1"/>
						<line number="247" hits="1"/>
						<line number="249" hits="1"/>
						<line number="255" hits="1"/>
						<line number="257" hits="1"/>
						<line number="273" hits="1"/>
						<line number="275" hits="1"/>
						<line number="281" hits="1"/>
						<line number="283" hits="1"/>
						<line number="291" hits="1"/>
						<line number="293" hits="1"/>
						<line number="295" hits="1"/>
						<line number="297" hits="1" branch="true" condition-coverage="100% (2/2)"/>
						<line number="299" hits="1"/>
						<line number="301" hits="1"/>
						<line number="303" hits="1" branch="true" condition-coverage="100% (2/2)"/>
						<line number="305" hits="1"/>
						<line number="317" hits="1"/>
						<line number="319" hits="1"/>
						<line number="321" hits="1"/>
						<line number="323" hits="1"/>
						<line number="329" hits="1"/>
						<line number="331" hits="1"/>
						<line number="341" hits="1"/>
						<line number="343" hits="1"/>
						<line number="345" hits="1"/>
						<line number="347" hits="1"/>
						<line number="349" hits="1" branch="true" condition-coverage="100% (2/2)"/>
						<line number="351" hits="1"/>
						<line number="353" hits="1"/>
						<line number="373" hits="1"/>
						<line number="377" hits="1"/>
						<line number="379" hits="1"/>
						<line number="381" hits="1" branch="true" condition-coverage="100% (2/2)"/>
						<line number="383" hits="1"/>
						<line number="385" hits="1" branch="true" condition-coverage="100% (2/2)"/>
						<line number="387" hits="1"/>
						<line number="389" hits="1"/>
						<line number="391" hits="1"/>
						<line number="393" hits="1"/>
						<line number="395" hits="1" branch="true" condition-coverage="50% (1/2)" missing-branches="397"/>
						<line number="397" hits="0"/>
						<line number="399" hits="1"/>
						<line number="409" hits="1"/>
						<line number="411" hits="1" branch="true" condition-coverage="50% (1/2)" missing-branches="413"/>
						<line number="413" hits="0"/>
						<line number="415" hits="1"/>
						<line number="429" hits="1"/>
						<line number="437" hits="1"/>
						<line number="447" hits="1" branch="true" condition-coverage="100% (2/2)"/>
						<line number="449" hits="1" branch="true" condition-coverage="100% (2/2)"/>
						<line number="451" hits="1"/>
						<line number="459" hits="1" branch="true" condition-coverage="100% (2/2)"/>
						<line number="471" hits="1"/>
						<line number="481" hits="1" branch="true" condition-coverage="100% (2/2)"/>
						<line number="483" hits="1"/>
						<line number="485" hits="1" branch="true" condition-coverage="100% (2/2)"/>
						<line number="487" hits="1"/>
						<line number="489" hits="1" branch="true" condition-coverage="100% (2/2)"/>
						<line number="491" hits="1"/>
						<line number="493" hits="1" branch="true" condition-coverage="100% (2/2)"/>
						<line number="495" hits="1"/>
						<line number="497" hits="1" branch="true" condition-coverage="100% (2/2)"/>
						<line number="499" hits="1"/>
						<line number="501" hits="1"/>
						<line number="503" hits="1"/>
						<line number="505" hits="1"/>
						<line number="507" hits="1" branch="true" condition-coverage="50% (1/2)" missing-branches="509"/>
						<line number="509" hits="0"/>
						<line number="511" hits="1" branch="true" condition-coverage="100% (2/2)"/>
						<line number="513" hits="1"/>
						<line number="515" hits="1" branch="true" condition-coverage="100% (2/2)"/>
						<line number="517" hits="1"/>
						<line number="519" hits="1" branch="true" condition-coverage="100% (2/2)"/>
						<line number="521" hits="1"/>
						<line number="523" hits="1"/>
						<line number="525" hits="1"/>
						<line number="527" hits="1"/>
						<line number="529" hits="1" branch="true" condition-coverage="100% (2/2)"/>
						<line number="531" hits="1"/>
						<line number="533" hits="1"/>
						<line number="537" hits="1" branch="true" condition-coverage="100% (2/2)"/>
						<line number="539" hits="1"/>
						<line number="541" hits="1"/>
						<line number="545" hits="1" branch="true" condition-coverage="100% (2/2)"/>
						<line number="547" hits="1"/>
						<line number="551" hits="1"/>
						<line number="553" hits="1" branch="true" condition-coverage="100% (2/2)"/>
						<line number="555" hits="1"/>
						<line number="557" hits="1"/>
						<line number="559" hits="1"/>
					</lines>
				</class>
				<class name="consumption.py" filename="api/routers/consumption.py" complexity="0" line-rate="0.9545" branch-rate="1">
					<methods/>
					<lines>
						<line number="3" hits="1"/>
						<line number="7" hits="1"/>
						<line number="9" hits="1"/>
						<line number="13" hits="1"/>
						<line number="17" hits="1"/>
						<line number="19" hits="1"/>
						<line number="21" hits="1"/>
						<line number="23" hits="1"/>
						<line number="27" hits="1"/>
						<line number="31" hits="1"/>
						<line number="37" hits="1"/>
						<line number="55" hits="0"/>
						<line number="61" hits="1"/>
						<line number="63" hits="1"/>
						<line number="83" hits="1"/>
						<line number="91" hits="1"/>
						<line number="93" hits="1"/>
						<line number="95" hits="1"/>
						<line number="107" hits="1"/>
						<line number="109" hits="1"/>
						<line number="111" hits="1"/>
						<line number="113" hits="1"/>
					</lines>
				</class>
				<class name="general_consumption.py" filename="api/routers/general_consumption.py" complexity="0" line-rate="1" branch-rate="1">
					<methods/>
					<lines>
						<line number="3" hits="1"/>
						<line number="7" hits="1"/>
						<line number="9" hits="1"/>
						<line number="11" hits="1"/>
						<line number="13" hits="1"/>
						<line number="17" hits="1"/>
						<line number="21" hits="1"/>
						<line number="23" hits="1"/>
						<line number="25" hits="1"/>
						<line number="29" hits="1"/>
						<line number="33" hits="1"/>
						<line number="39" hits="1"/>
						<line number="41" hits="1"/>
						<line number="47" hits="1"/>
						<line number="49" hits="1"/>
						<line number="53" hits="1"/>
						<line number="55" hits="1"/>
						<line number="65" hits="1"/>
						<line number="67" hits="1"/>
						<line number="71" hits="1"/>
					</lines>
				</class>
				<class name="production.py" filename="api/routers/production.py" complexity="0" line-rate="1" branch-rate="1">
					<methods/>
					<lines>
						<line number="3" hits="1"/>
						<line number="7" hits="1"/>
						<line number="9" hits="1"/>
						<line number="13" hits="1"/>
						<line number="17" hits="1"/>
						<line number="19" hits="1"/>
						<line number="21" hits="1"/>
						<line number="25" hits="1"/>
						<line number="29" hits="1"/>
						<line number="35" hits="1"/>
						<line number="37" hits="1"/>
						<line number="61" hits="1"/>
						<line number="73" hits="1"/>
						<line number="75" hits="1"/>
						<line number="77" hits="1"/>
						<line number="79" hits="1"/>
						<line number="87" hits="1"/>
						<line number="89" hits="1"/>
						<line number="91" hits="1"/>
						<line number="93" hits="1"/>
						<line number="95" hits="1"/>
					</lines>
				</class>
				<class name="users_admin.py" filename="api/routers/users_admin.py" complexity="0" line-rate="1" branch-rate="1">
					<methods/>
					<lines>
						<line number="5" hits="1"/>
						<line number="9" hits="1"/>
						<line number="11" hits="1"/>
						<line number="15" hits="1"/>
						<line number="17" hits="1"/>
						<line number="19" hits="1"/>
						<line number="23" hits="1"/>
						<line number="25" hits="1"/>
						<line number="39" hits="1"/>
						<line number="43" hits="1"/>
						<line number="49" hits="1"/>
						<line number="51" hits="1"/>
						<line number="53" hits="1"/>
						<line number="59" hits="1"/>
						<line number="61" hits="1"/>
						<line number="67" hits="1"/>
						<line number="73" hits="1"/>
						<line number="75" hits="1"/>
						<line number="83" hits="1"/>
						<line number="85" hits="1"/>
						<line number="95" hits="1"/>
						<line number="97" hits="1"/>
						<line number="99" hits="1"/>
						<line number="101" hits="1"/>
						<line number="107" hits="1"/>
						<line number="109" hits="1"/>
						<line number="117" hits="1"/>
						<line number="119" hits="1" branch="true" condition-coverage="100% (2/2)"/>
						<line number="121" hits="1"/>
						<line number="123" hits="1" branch="true" condition-coverage="100% (2/2)"/>
						<line number="125" hits="1"/>
						<line number="127" hits="1"/>
						<line number="129" hits="1"/>
					</lines>
				</class>
			</classes>
		</package>
		<package name="application" line-rate="1" branch-rate="1" complexity="0">
			<classes>
				<class name="__init__.py" filename="application/__init__.py" complexity="0" line-rate="1" branch-rate="1">
					<methods/>
					<lines>
						<line number="17" hits="1"/>
						<line number="19" hits="1"/>
						<line number="29" hits="1"/>
					</lines>
				</class>
				<class name="aas_polling.py" filename="application/aas_polling.py" complexity="0" line-rate="1" branch-rate="1">
					<methods/>
					<lines>
						<line number="5" hits="1"/>
						<line number="9" hits="1"/>
						<line number="11" hits="1"/>
						<line number="13" hits="1"/>
						<line number="19" hits="1"/>
						<line number="33" hits="1"/>
						<line number="35" hits="1"/>
						<line number="37" hits="1" branch="true" condition-coverage="100% (2/2)"/>
						<line number="39" hits="1"/>
						<line number="43" hits="1"/>
						<line number="45" hits="1"/>
						<line number="47" hits="1"/>
						<line number="49" hits="1" branch="true" condition-coverage="100% (2/2)"/>
						<line number="51" hits="1"/>
						<line number="63" hits="1"/>
						<line number="69" hits="1"/>
						<line number="85" hits="1"/>
						<line number="87" hits="1"/>
						<line number="89" hits="1"/>
						<line number="91" hits="1"/>
						<line number="101" hits="1"/>
						<line number="103" hits="1"/>
						<line number="105" hits="1"/>
						<line number="107" hits="1"/>
					</lines>
				</class>
				<class name="ports.py" filename="application/ports.py" complexity="0" line-rate="1" branch-rate="1">
					<methods/>
					<lines>
						<line number="15" hits="1"/>
						<line number="19" hits="1"/>
						<line number="21" hits="1"/>
						<line number="27" hits="1"/>
						<line number="41" hits="1"/>
						<line number="81" hits="1"/>
					</lines>
				</class>
			</classes>
		</package>
		<package name="application.pipelines" line-rate="1" branch-rate="1" complexity="0">
			<classes>
				<class name="__init__.py" filename="application/pipelines/__init__.py" complexity="0" line-rate="1" branch-rate="1">
					<methods/>
					<lines/>
				</class>
				<class name="carbon_intensity.py" filename="application/pipelines/carbon_intensity.py" complexity="0" line-rate="1" branch-rate="1">
					<methods/>
					<lines>
						<line number="33" hits="1"/>
						<line number="37" hits="1"/>
						<line number="39" hits="1"/>
						<line number="41" hits="1"/>
						<line number="43" hits="1"/>
						<line number="47" hits="1"/>
						<line number="51" hits="1"/>
						<line number="55" hits="1"/>
						<line number="61" hits="1"/>
						<line number="67" hits="1"/>
						<line number="69" hits="1" branch="true" condition-coverage="100% (2/2)"/>
						<line number="71" hits="1"/>
						<line number="73" hits="1"/>
						<line number="77" hits="1"/>
						<line number="83" hits="1"/>
						<line number="89" hits="1"/>
						<line number="105" hits="1"/>
						<line number="117" hits="1"/>
						<line number="119" hits="1"/>
						<line number="123" hits="1"/>
						<line number="129" hits="1" branch="true" condition-coverage="100% (2/2)"/>
						<line number="131" hits="1"/>
						<line number="139" hits="1"/>
						<line number="141" hits="1"/>
						<line number="143" hits="1"/>
						<line number="149" hits="1"/>
						<line number="151" hits="1"/>
						<line number="153" hits="1"/>
						<line number="155" hits="1"/>
						<line number="161" hits="1"/>
						<line number="165" hits="1"/>
						<line number="171" hits="1"/>
						<line number="199" hits="1"/>
						<line number="201" hits="1" branch="true" condition-coverage="100% (2/2)"/>
						<line number="203" hits="1" branch="true" condition-coverage="100% (2/2)"/>
						<line number="205" hits="1"/>
						<line number="209" hits="1"/>
						<line number="213" hits="1"/>
						<line number="215" hits="1"/>
						<line number="217" hits="1"/>
						<line number="219" hits="1"/>
						<line number="221" hits="1"/>
						<line number="223" hits="1"/>
						<line number="225" hits="1"/>
						<line number="227" hits="1"/>
						<line number="233" hits="1"/>
					</lines>
				</class>
				<class name="idle_allocation.py" filename="application/pipelines/idle_allocation.py" complexity="0" line-rate="1" branch-rate="1">
					<methods/>
					<lines>
						<line number="29" hits="1"/>
						<line number="33" hits="1"/>
						<line number="35" hits="1"/>
						<line number="39" hits="1"/>
						<line number="45" hits="1"/>
						<line number="83" hits="1"/>
						<line number="105" hits="1"/>
						<line number="121" hits="1" branch="true" condition-coverage="100% (2/2)"/>
						<line number="123" hits="1"/>
						<line number="125" hits="1"/>
						<line number="127" hits="1" branch="true" condition-coverage="100% (2/2)"/>
						<line number="129" hits="1"/>
						<line number="131" hits="1"/>
						<line number="133" hits="1"/>
						<line number="139" hits="1"/>
					</lines>
				</class>
			</classes>
		</package>
		<package name="application.use_cases" line-rate="1" branch-rate="1" complexity="0">
			<classes>
				<class name="__init__.py" filename="application/use_cases/__init__.py" complexity="0" line-rate="1" branch-rate="1">
					<methods/>
					<lines/>
				</class>
				<class name="consumption_use_case.py" filename="application/use_cases/consumption_use_case.py" complexity="0" line-rate="1" branch-rate="1">
					<methods/>
					<lines>
						<line number="17" hits="1"/>
						<line number="21" hits="1"/>
						<line number="23" hits="1"/>
						<line number="25" hits="1"/>
						<line number="29" hits="1"/>
						<line number="31" hits="1"/>
						<line number="37" hits="1"/>
						<line number="43" hits="1"/>
						<line number="57" hits="1"/>
						<line number="59" hits="1"/>
						<line number="61" hits="1"/>
						<line number="65" hits="1"/>
						<line number="67" hits="1"/>
						<line number="73" hits="1"/>
						<line number="75" hits="1"/>
						<line number="79" hits="1"/>
						<line number="99" hits="1"/>
						<line number="123" hits="1"/>
					</lines>
				</class>
				<class name="production_use_case.py" filename="application/use_cases/production_use_case.py" complexity="0" line-rate="1" branch-rate="1">
					<methods/>
					<lines>
						<line number="15" hits="1"/>
						<line number="19" hits="1"/>
						<line number="21" hits="1"/>
						<line number="23" hits="1"/>
						<line number="25" hits="1"/>
						<line number="29" hits="1"/>
						<line number="33" hits="1"/>
						<line number="39" hits="1"/>
						<line number="55" hits="1"/>
						<line number="61" hits="1"/>
						<line number="81" hits="1"/>
						<line number="83" hits="1"/>
						<line number="85" hits="1"/>
						<line number="87" hits="1"/>
						<line number="89" hits="1"/>
						<line number="91" hits="1"/>
						<line number="95" hits="1"/>
						<line number="97" hits="1"/>
						<line number="99" hits="1" branch="true" condition-coverage="100% (2/2)"/>
						<line number="101" hits="1"/>
						<line number="103" hits="1"/>
						<line number="107" hits="1"/>
						<line number="109" hits="1"/>
						<line number="111" hits="1" branch="true" condition-coverage="100% (2/2)"/>
						<line number="113" hits="1"/>
						<line number="115" hits="1" branch="true" condition-coverage="100% (2/2)"/>
						<line number="117" hits="1"/>
						<line number="121" hits="1"/>
						<line number="131" hits="1"/>
						<line number="135" hits="1"/>
						<line number="141" hits="1"/>
						<line number="153" hits="1"/>
						<line number="167" hits="1"/>
						<line number="185" hits="1"/>
					</lines>
				</class>
			</classes>
		</package>
		<package name="config" line-rate="0.9783" branch-rate="0.5" complexity="0">
			<classes>
				<class name="__init__.py" filename="config/__init__.py" complexity="0" line-rate="1" branch-rate="1">
					<methods/>
					<lines>
						<line number="3" hits="1"/>
						<line number="7" hits="1"/>
					</lines>
				</class>
				<class name="settings.py" filename="config/settings.py" complexity="0" line-rate="0.9773" branch-rate="0.5">
					<methods/>
					<lines>
						<line number="11" hits="1"/>
						<line number="15" hits="1"/>
						<line number="17" hits="1"/>
						<line number="23" hits="1"/>
						<line number="27" hits="1"/>
						<line number="33" hits="1"/>
						<line number="35" hits="1"/>
						<line number="47" hits="1"/>
						<line number="49" hits="1"/>
						<line number="51" hits="1"/>
						<line number="55" hits="1"/>
						<line number="57" hits="1"/>
						<line number="61" hits="1"/>
						<line number="63" hits="1"/>
						<line number="65" hits="1"/>
						<line number="69" hits="1"/>
						<line number="71" hits="1"/>
						<line number="73" hits="1"/>
						<line number="75" hits="1"/>
						<line number="77" hits="1"/>
						<line number="79" hits="1"/>
						<line number="81" hits="1"/>
						<line number="83" hits="1"/>
						<line number="85" hits="1"/>
						<line number="89" hits="1"/>
						<line number="91" hits="1"/>
						<line number="93" hits="1"/>
						<line number="99" hits="1"/>
						<line number="101" hits="1"/>
						<line number="103" hits="1"/>
						<line number="109" hits="1"/>
						<line number="113" hits="1"/>
						<line number="115" hits="1"/>
						<line number="117" hits="1"/>
						<line number="121" hits="1"/>
						<line number="125" hits="1"/>
						<line number="129" hits="1"/>
						<line number="131" hits="1"/>
						<line number="135" hits="1" branch="true" condition-coverage="50% (1/2)" missing-branches="137"/>
						<line number="137" hits="0"/>
						<line number="139" hits="1" branch="true" condition-coverage="50% (1/2)" missing-branches="151"/>
						<line number="141" hits="1"/>
						<line number="151" hits="1"/>
						<line number="157" hits="1"/>
					</lines>
				</class>
			</classes>
		</package>
		<package name="core" line-rate="0.9787" branch-rate="0.8571" complexity="0">
			<classes>
				<class name="__init__.py" filename="core/__init__.py" complexity="0" line-rate="1" branch-rate="1">
					<methods/>
					<lines/>
				</class>
				<class name="lifespan.py" filename="core/lifespan.py" complexity="0" line-rate="1" branch-rate="1">
					<methods/>
					<lines>
						<line number="5" hits="1"/>
						<line number="9" hits="1"/>
						<line number="11" hits="1"/>
						<line number="13" hits="1"/>
						<line number="15" hits="1"/>
						<line number="19" hits="1"/>
						<line number="23" hits="1"/>
						<line number="25" hits="1"/>
						<line number="27" hits="1"/>
						<line number="29" hits="1"/>
						<line number="33" hits="1"/>
						<line number="39" hits="1"/>
						<line number="53" hits="1"/>
						<line number="73" hits="1"/>
						<line number="75" hits="1"/>
						<line number="81" hits="1"/>
						<line number="83" hits="1"/>
						<line number="87" hits="1" branch="true" condition-coverage="100% (2/2)"/>
						<line number="89" hits="1"/>
						<line number="91" hits="1"/>
						<line number="93" hits="1"/>
					</lines>
				</class>
				<class name="logging.py" filename="core/logging.py" complexity="0" line-rate="0.9556" branch-rate="0.6667">
					<methods/>
					<lines>
						<line number="5" hits="1"/>
						<line number="9" hits="1"/>
						<line number="11" hits="1"/>
						<line number="13" hits="1"/>
						<line number="15" hits="1"/>
						<line number="17" hits="1"/>
						<line number="19" hits="1"/>
						<line number="21" hits="1"/>
						<line number="25" hits="1"/>
						<line number="31" hits="1"/>
						<line number="37" hits="1"/>
						<line number="39" hits="1"/>
						<line number="41" hits="1"/>
						<line number="43" hits="1"/>
						<line number="45" hits="1"/>
						<line number="49" hits="1"/>
						<line number="51" hits="1"/>
						<line number="53" hits="1"/>
						<line number="55" hits="1"/>
						<line number="57" hits="1"/>
						<line number="75" hits="1"/>
						<line number="77" hits="1"/>
						<line number="79" hits="1"/>
						<line number="85" hits="1"/>
						<line number="91" hits="1"/>
						<line number="93" hits="1"/>
						<line number="95" hits="1"/>
						<line number="97" hits="1"/>
						<line number="99" hits="0"/>
						<line number="101" hits="0"/>
						<line number="107" hits="1"/>
						<line number="113" hits="1"/>
						<line number="117" hits="1"/>
						<line number="119" hits="1"/>
						<line number="127" hits="1"/>
						<line number="143" hits="1"/>
						<line number="145" hits="1"/>
						<line number="147" hits="1"/>
						<line number="151" hits="1" branch="true" condition-coverage="50% (1/2)" missing-branches="155"/>
						<line number="153" hits="1"/>
						<line number="155" hits="1" branch="true" condition-coverage="100% (2/2)"/>
						<line number="157" hits="1"/>
						<line number="159" hits="1" branch="true" condition-coverage="50% (1/2)" missing-branches="155"/>
						<line number="161" hits="1"/>
						<line number="163" hits="1"/>
					</lines>
				</class>
				<class name="middleware.py" filename="core/middleware.py" complexity="0" line-rate="0.9615" branch-rate="0.6667">
					<methods/>
					<lines>
						<line number="5" hits="1"/>
						<line number="9" hits="1"/>
						<line number="11" hits="1"/>
						<line number="13" hits="1"/>
						<line number="17" hits="1"/>
						<line number="19" hits="1"/>
						<line number="21" hits="1"/>
						<line number="23" hits="1"/>
						<line number="25" hits="1"/>
						<line number="29" hits="1"/>
						<line number="33" hits="1"/>
						<line number="39" hits="1"/>
						<line number="41" hits="1"/>
						<line number="47" hits="1"/>
						<line number="49" hits="1"/>
						<line number="51" hits="1"/>
						<line number="57" hits="1"/>
						<line number="63" hits="1"/>
						<line number="65" hits="1"/>
						<line number="69" hits="1"/>
						<line number="71" hits="1"/>
						<line number="73" hits="1"/>
						<line number="75" hits="1" branch="true" condition-coverage="50% (1/2)" missing-branches="83"/>
						<line number="77" hits="1"/>
						<line number="79" hits="0"/>
						<line number="81" hits="0"/>
						<line number="83" hits="1"/>
						<line number="93" hits="1"/>
						<line number="99" hits="1" branch="true" condition-coverage="50% (1/2)" missing-branches="103"/>
						<line number="101" hits="1"/>
						<line number="103" hits="1"/>
						<line number="107" hits="1"/>
						<line number="109" hits="1"/>
						<line number="113" hits="1"/>
						<line number="115" hits="1"/>
						<line number="117" hits="1" branch="true" condition-coverage="100% (2/2)"/>
						<line number="119" hits="1"/>
						<line number="121" hits="1"/>
						<line number="125" hits="1"/>
						<line number="127" hits="1"/>
						<line number="129" hits="1"/>
						<line number="131" hits="1"/>
						<line number="133" hits="1"/>
						<line number="135" hits="1"/>
						<line number="137" hits="1"/>
						<line number="141" hits="1"/>
						<line number="143" hits="1"/>
						<line number="145" hits="1"/>
						<line number="147" hits="1"/>
						<line number="149" hits="1"/>
						<line number="151" hits="1"/>
						<line number="153" hits="1"/>
					</lines>
				</class>
				<class name="protected_pages.py" filename="core/protected_pages.py" complexity="0" line-rate="1" branch-rate="1">
					<methods/>
					<lines>
						<line number="11" hits="1"/>
						<line number="15" hits="1"/>
						<line number="19" hits="1"/>
						<line number="21" hits="1"/>
						<line number="25" hits="1"/>
						<line number="27" hits="1"/>
						<line number="31" hits="1"/>
						<line number="37" hits="1"/>
						<line number="39" hits="1"/>
						<line number="41" hits="1"/>
						<line number="47" hits="1"/>
						<line number="49" hits="1"/>
						<line number="51" hits="1"/>
						<line number="57" hits="1"/>
						<line number="61" hits="1"/>
						<line number="63" hits="1" branch="true" condition-coverage="100% (2/2)"/>
						<line number="65" hits="1"/>
						<line number="67" hits="1"/>
						<line number="69" hits="1"/>
					</lines>
				</class>
				<class name="stage_prefix.py" filename="core/stage_prefix.py" complexity="0" line-rate="1" branch-rate="1">
					<methods/>
					<lines>
						<line number="5" hits="1"/>
						<line number="9" hits="1"/>
						<line number="15" hits="1"/>
						<line number="19" hits="1"/>
						<line number="25" hits="1"/>
						<line number="31" hits="1"/>
						<line number="35" hits="1"/>
						<line number="37" hits="1" branch="true" condition-coverage="100% (2/2)"/>
						<line number="39" hits="1"/>
						<line number="41" hits="1"/>
						<line number="47" hits="1"/>
						<line number="49" hits="1"/>
						<line number="53" hits="1"/>
						<line number="55" hits="1"/>
						<line number="59" hits="1" branch="true" condition-coverage="100% (2/2)"/>
						<line number="61" hits="1"/>
						<line number="65" hits="1" branch="true" condition-coverage="100% (2/2)"/>
						<line number="67" hits="1"/>
						<line number="71" hits="1"/>
						<line number="73" hits="1"/>
					</lines>
				</class>
				<class name="static.py" filename="core/static.py" complexity="0" line-rate="1" branch-rate="1">
					<methods/>
					<lines>
						<line number="5" hits="1"/>
						<line number="9" hits="1"/>
						<line number="11" hits="1"/>
						<line number="15" hits="1"/>
						<line number="17" hits="1"/>
						<line number="19" hits="1"/>
						<line number="23" hits="1"/>
						<line number="25" hits="1"/>
						<line number="29" hits="1"/>
						<line number="51" hits="1"/>
						<line number="55" hits="1"/>
						<line number="59" hits="1"/>
						<line number="61" hits="1"/>
						<line number="63" hits="1"/>
						<line number="65" hits="1" branch="true" condition-coverage="100% (2/2)"/>
						<line number="67" hits="1"/>
						<line number="69" hits="1"/>
						<line number="73" hits="1"/>
						<line number="75" hits="1"/>
						<line number="77" hits="1"/>
						<line number="79" hits="1"/>
						<line number="81" hits="1"/>
						<line number="83" hits="1"/>
						<line number="93" hits="1"/>
						<line number="95" hits="1" branch="true" condition-coverage="100% (2/2)"/>
						<line number="97" hits="1"/>
						<line number="99" hits="1"/>
						<line number="111" hits="1"/>
						<line number="123" hits="1" branch="true" condition-coverage="100% (2/2)"/>
						<line number="125" hits="1"/>
						<line number="127" hits="1"/>
					</lines>
				</class>
			</classes>
		</package>
		<package name="domain" line-rate="1" branch-rate="1" complexity="0">
			<classes>
				<class name="__init__.py" filename="domain/__init__.py" complexity="0" line-rate="1" branch-rate="1">
					<methods/>
					<lines>
						<line number="3" hits="1"/>
						<line number="5" hits="1"/>
						<line number="7" hits="1"/>
						<line number="11" hits="1"/>
					</lines>
				</class>
				<class name="energy.py" filename="domain/energy.py" complexity="0" line-rate="1" branch-rate="1">
					<methods/>
					<lines>
						<line number="15" hits="1"/>
						<line number="19" hits="1"/>
						<line number="25" hits="1"/>
						<line number="27" hits="1"/>
						<line number="29" hits="1"/>
						<line number="31" hits="1"/>
						<line number="33" hits="1"/>
						<line number="39" hits="1"/>
					</lines>
				</class>
				<class name="errors.py" filename="domain/errors.py" complexity="0" line-rate="1" branch-rate="1">
					<methods/>
					<lines>
						<line number="33" hits="1"/>
						<line number="39" hits="1"/>
						<line number="47" hits="1"/>
						<line number="65" hits="1"/>
						<line number="85" hits="1"/>
						<line number="103" hits="1"/>
						<line number="125" hits="1"/>
					</lines>
				</class>
				<class name="material_pcf.py" filename="domain/material_pcf.py" complexity="0" line-rate="1" branch-rate="1">
					<methods/>
					<lines>
						<line number="13" hits="1"/>
						<line number="17" hits="1"/>
						<line number="23" hits="1"/>
						<line number="25" hits="1"/>
						<line number="27" hits="1"/>
						<line number="29" hits="1"/>
						<line number="35" hits="1"/>
					</lines>
				</class>
				<class name="pcf.py" filename="domain/pcf.py" complexity="0" line-rate="1" branch-rate="1">
					<methods/>
					<lines>
						<line number="13" hits="1"/>
						<line number="17" hits="1"/>
						<line number="23" hits="1"/>
						<line number="25" hits="1"/>
						<line number="27" hits="1"/>
						<line number="29" hits="1"/>
						<line number="31" hits="1"/>
						<line number="33" hits="1"/>
						<line number="35" hits="1"/>
						<line number="37" hits="1"/>
						<line number="39" hits="1"/>
						<line number="41" hits="1"/>
						<line number="43" hits="1"/>
						<line number="45" hits="1"/>
						<line number="51" hits="1"/>
						<line number="53" hits="1"/>
						<line number="55" hits="1"/>
						<line number="57" hits="1"/>
						<line number="59" hits="1"/>
						<line number="61" hits="1"/>
						<line number="69" hits="1"/>
					</lines>
				</class>
				<class name="work_order_energy.py" filename="domain/work_order_energy.py" complexity="0" line-rate="1" branch-rate="1">
					<methods/>
					<lines>
						<line number="5" hits="1"/>
						<line number="9" hits="1"/>
						<line number="15" hits="1"/>
						<line number="19" hits="1" branch="true" condition-coverage="100% (2/2)"/>
						<line number="21" hits="1"/>
						<line number="23" hits="1" branch="true" condition-coverage="100% (2/2)"/>
						<line number="25" hits="1"/>
						<line number="35" hits="1"/>
						<line number="41" hits="1"/>
						<line number="45" hits="1" branch="true" condition-coverage="100% (2/2)"/>
						<line number="47" hits="1"/>
						<line number="49" hits="1" branch="true" condition-coverage="100% (2/2)"/>
						<line number="51" hits="1"/>
						<line number="61" hits="1"/>
						<line number="67" hits="1"/>
						<line number="81" hits="1" branch="true" condition-coverage="100% (2/2)"/>
						<line number="83" hits="1"/>
						<line number="85" hits="1" branch="true" condition-coverage="100% (2/2)"/>
						<line number="87" hits="1"/>
						<line number="89" hits="1"/>
						<line number="91" hits="1"/>
					</lines>
				</class>
			</classes>
		</package>
		<package name="integrations" line-rate="0.8733" branch-rate="0.747" complexity="0">
			<classes>
				<class name="__init__.py" filename="integrations/__init__.py" complexity="0" line-rate="1" branch-rate="1">
					<methods/>
					<lines/>
				</class>
				<class name="aas.py" filename="integrations/aas.py" complexity="0" line-rate="0.827" branch-rate="0.7045">
					<methods/>
					<lines>
						<line number="3" hits="1"/>
						<line number="5" hits="1"/>
						<line number="9" hits="1"/>
						<line number="15" hits="1"/>
						<line number="19" hits="1"/>
						<line number="27" hits="1"/>
						<line number="35" hits="1"/>
						<line number="47" hits="1"/>
						<line number="51" hits="1" branch="true" condition-coverage="100% (2/2)"/>
						<line number="53" hits="1"/>
						<line number="55" hits="1"/>
						<line number="57" hits="1" branch="true" condition-coverage="100% (2/2)"/>
						<line number="59" hits="1" branch="true" condition-coverage="100% (2/2)"/>
						<line number="61" hits="1"/>
						<line number="63" hits="1"/>
						<line number="69" hits="1"/>
						<line number="71" hits="1"/>
						<line number="85" hits="1"/>
						<line number="87" hits="1"/>
						<line number="89" hits="1"/>
						<line number="91" hits="1"/>
						<line number="93" hits="1"/>
						<line number="95" hits="1"/>
						<line number="97" hits="1"/>
						<line number="99" hits="1"/>
						<line number="101" hits="1"/>
						<line number="103" hits="1"/>
						<line number="107" hits="1" branch="true" condition-coverage="100% (2/2)"/>
						<line number="109" hits="1" branch="true" condition-coverage="100% (2/2)"/>
						<line number="111" hits="1"/>
						<line number="115" hits="1"/>
						<line number="119" hits="1"/>
						<line number="121" hits="1"/>
						<line number="123" hits="1" branch="true" condition-coverage="100% (2/2)"/>
						<line number="125" hits="1"/>
						<line number="129" hits="1"/>
						<line number="131" hits="1"/>
						<line number="137" hits="1" branch="true" condition-coverage="100% (2/2)"/>
						<line number="145" hits="1"/>
						<line number="149" hits="1"/>
						<line number="153" hits="1"/>
						<line number="155" hits="1"/>
						<line number="157" hits="1" branch="true" condition-coverage="50% (1/2)" missing-branches="209"/>
						<line number="159" hits="1"/>
						<line number="161" hits="1"/>
						<line number="169" hits="1" branch="true" condition-coverage="50% (1/2)" missing-branches="171"/>
						<line number="171" hits="0"/>
						<line number="173" hits="1"/>
						<line number="175" hits="1"/>
						<line number="177" hits="0"/>
						<line number="179" hits="0"/>
						<line number="181" hits="1"/>
						<line number="183" hits="1" branch="true" condition-coverage="50% (1/2)" missing-branches="185"/>
						<line number="185" hits="0"/>
						<line number="187" hits="1" branch="true" condition-coverage="100% (2/2)"/>
						<line number="189" hits="1" branch="true" condition-coverage="100% (2/2)"/>
						<line number="191" hits="1"/>
						<line number="193" hits="1"/>
						<line number="195" hits="1"/>
						<line number="197" hits="1" branch="true" condition-coverage="50% (1/2)" missing-branches="199"/>
						<line number="199" hits="0" branch="true" condition-coverage="0% (0/2)" missing-branches="197,201"/>
						<line number="201" hits="0"/>
						<line number="203" hits="0"/>
						<line number="205" hits="0"/>
						<line number="209" hits="0" branch="true" condition-coverage="0% (0/2)" missing-branches="exit,211"/>
						<line number="211" hits="0"/>
						<line number="213" hits="0"/>
						<line number="215" hits="1"/>
						<line number="217" hits="1"/>
						<line number="221" hits="1"/>
						<line number="225" hits="1"/>
						<line number="227" hits="1" branch="true" condition-coverage="100% (2/2)"/>
						<line number="229" hits="1"/>
						<line number="231" hits="1"/>
						<line number="235" hits="1"/>
						<line number="249" hits="1"/>
						<line number="251" hits="1" branch="true" condition-coverage="100% (2/2)"/>
						<line number="253" hits="1"/>
						<line number="255" hits="1"/>
						<line number="257" hits="1"/>
						<line number="261" hits="1"/>
						<line number="275" hits="1" branch="true" condition-coverage="100% (2/2)"/>
						<line number="277" hits="1"/>
						<line number="279" hits="1"/>
						<line number="281" hits="1" branch="true" condition-coverage="100% (2/2)"/>
						<line number="283" hits="1"/>
						<line number="287" hits="1"/>
						<line number="299" hits="1"/>
						<line number="301" hits="1"/>
						<line number="305" hits="1"/>
						<line number="307" hits="1" branch="true" condition-coverage="100% (2/2)"/>
						<line number="309" hits="1"/>
						<line number="313" hits="1"/>
						<line number="315" hits="1"/>
						<line number="317" hits="1"/>
						<line number="319" hits="1"/>
						<line number="323" hits="1"/>
						<line number="325" hits="1"/>
						<line number="329" hits="1"/>
						<line number="331" hits="1"/>
						<line number="333" hits="1"/>
						<line number="335" hits="1"/>
						<line number="339" hits="1"/>
						<line number="351" hits="1"/>
						<line number="353" hits="1"/>
						<line number="355" hits="1"/>
						<line number="357" hits="1" branch="true" condition-coverage="100% (2/2)"/>
						<line number="359" hits="1"/>
						<line number="361" hits="1"/>
						<line number="363" hits="1"/>
						<line number="365" hits="1"/>
						<line number="367" hits="1"/>
						<line number="369" hits="1"/>
						<line number="373" hits="1"/>
						<line number="375" hits="1"/>
						<line number="405" hits="1"/>
						<line number="409" hits="1"/>
						<line number="411" hits="1" branch="true" condition-coverage="100% (2/2)"/>
						<line number="413" hits="1"/>
						<line number="415" hits="1"/>
						<line number="417" hits="1"/>
						<line number="419" hits="1"/>
						<line number="423" hits="1"/>
						<line number="425" hits="1"/>
						<line number="427" hits="1"/>
						<line number="429" hits="1" branch="true" condition-coverage="100% (2/2)"/>
						<line number="431" hits="1"/>
						<line number="433" hits="1"/>
						<line number="435" hits="1"/>
						<line number="437" hits="1"/>
						<line number="441" hits="1"/>
						<line number="445" hits="1"/>
						<line number="447" hits="1"/>
						<line number="449" hits="1"/>
						<line number="453" hits="1"/>
						<line number="455" hits="1"/>
						<line number="457" hits="1"/>
						<line number="459" hits="1" branch="true" condition-coverage="50% (1/2)" missing-branches="461"/>
						<line number="461" hits="0"/>
						<line number="463" hits="0"/>
						<line number="465" hits="1"/>
						<line number="467" hits="1" branch="true" condition-coverage="50% (1/2)" missing-branches="471"/>
						<line number="469" hits="1"/>
						<line number="471" hits="0"/>
						<line number="475" hits="1"/>
						<line number="479" hits="1"/>
						<line number="481" hits="1" branch="true" condition-coverage="100% (2/2)"/>
						<line number="483" hits="1" branch="true" condition-coverage="100% (2/2)"/>
						<line number="485" hits="1" branch="true" condition-coverage="100% (2/2)"/>
						<line number="487" hits="1"/>
						<line number="489" hits="1"/>
						<line number="493" hits="1"/>
						<line number="497" hits="1"/>
						<line number="499" hits="1"/>
						<line number="501" hits="1" branch="true" condition-coverage="100% (2/2)"/>
						<line number="503" hits="1"/>
						<line number="505" hits="1"/>
						<line number="507" hits="1"/>
						<line number="509" hits="1"/>
						<line number="511" hits="1" branch="true" condition-coverage="50% (1/2)" missing-branches="501"/>
						<line number="513" hits="1"/>
						<line number="515" hits="1" branch="true" condition-coverage="100% (2/2)"/>
						<line number="517" hits="1"/>
						<line number="519" hits="0"/>
						<line number="521" hits="0"/>
						<line number="523" hits="1"/>
						<line number="527" hits="1"/>
						<line number="531" hits="1"/>
						<line number="533" hits="1"/>
						<line number="535" hits="1"/>
						<line number="537" hits="1"/>
						<line number="539" hits="1" branch="true" condition-coverage="100% (2/2)"/>
						<line number="541" hits="1"/>
						<line number="543" hits="1"/>
						<line number="547" hits="1"/>
						<line number="551" hits="1"/>
						<line number="553" hits="1" branch="true" condition-coverage="50% (1/2)" missing-branches="575"/>
						<line number="555" hits="1"/>
						<line number="557" hits="1"/>
						<line number="559" hits="1"/>
						<line number="561" hits="1"/>
						<line number="563" hits="1"/>
						<line number="565" hits="1"/>
						<line number="567" hits="1"/>
						<line number="569" hits="1" branch="true" condition-coverage="50% (1/2)" missing-branches="571"/>
						<line number="571" hits="0"/>
						<line number="573" hits="1"/>
						<line number="575" hits="0"/>
						<line number="579" hits="1"/>
						<line number="603" hits="1"/>
						<line number="605" hits="1"/>
						<line number="607" hits="1"/>
						<line number="611" hits="1"/>
						<line number="651" hits="1" branch="true" condition-coverage="50% (1/2)" missing-branches="653"/>
						<line number="653" hits="0"/>
						<line number="655" hits="0"/>
						<line number="657" hits="0"/>
						<line number="659" hits="0"/>
						<line number="663" hits="1"/>
						<line number="665" hits="1"/>
						<line number="667" hits="1" branch="true" condition-coverage="100% (2/2)"/>
						<line number="669" hits="1"/>
						<line number="671" hits="1"/>
						<line number="673" hits="1"/>
						<line number="675" hits="1" branch="true" condition-coverage="100% (2/2)"/>
						<line number="677" hits="1"/>
						<line number="679" hits="1"/>
						<line number="681" hits="1"/>
						<line number="683" hits="1"/>
						<line number="685" hits="1" branch="true" condition-coverage="100% (2/2)"/>
						<line number="687" hits="1"/>
						<line number="689" hits="1"/>
						<line number="693" hits="1"/>
						<line number="729" hits="1"/>
						<line number="731" hits="1" branch="true" condition-coverage="50% (1/2)" missing-branches="733"/>
						<line number="733" hits="0"/>
						<line number="735" hits="0"/>
						<line number="737" hits="0"/>
						<line number="739" hits="0"/>
						<line number="741" hits="0"/>
						<line number="745" hits="1"/>
						<line number="747" hits="1" branch="true" condition-coverage="100% (2/2)"/>
						<line number="749" hits="1"/>
						<line number="751" hits="1"/>
						<line number="753" hits="1"/>
						<line number="755" hits="1"/>
						<line number="757" hits="1"/>
						<line number="759" hits="1"/>
						<line number="761" hits="1"/>
						<line number="763" hits="1" branch="true" condition-coverage="100% (2/2)"/>
						<line number="765" hits="1"/>
						<line number="767" hits="1"/>
						<line number="769" hits="1"/>
						<line number="771" hits="1" branch="true" condition-coverage="100% (2/2)"/>
						<line number="773" hits="1" branch="true" condition-coverage="100% (2/2)"/>
						<line number="775" hits="1"/>
						<line number="777" hits="1" branch="true" condition-coverage="100% (2/2)"/>
						<line number="779" hits="1" branch="true" condition-coverage="100% (2/2)"/>
						<line number="781" hits="1"/>
						<line number="783" hits="1" branch="true" condition-coverage="50% (1/2)" missing-branches="777"/>
						<line number="785" hits="1"/>
						<line number="789" hits="1"/>
						<line number="791" hits="1" branch="true" condition-coverage="100% (2/2)"/>
						<line number="793" hits="1"/>
						<line number="795" hits="1"/>
						<line number="797" hits="1" branch="true" condition-coverage="100% (2/2)"/>
						<line number="799" hits="1"/>
						<line number="801" hits="1"/>
						<line number="805" hits="1"/>
						<line number="809" hits="1"/>
						<line number="811" hits="1"/>
						<line number="813" hits="1"/>
						<line number="815" hits="1"/>
						<line number="819" hits="1"/>
						<line number="821" hits="1"/>
						<line number="823" hits="1"/>
						<line number="827" hits="1"/>
						<line number="829" hits="1"/>
						<line number="831" hits="1"/>
						<line number="833" hits="1"/>
						<line number="837" hits="1"/>
						<line number="853" hits="1"/>
						<line number="855" hits="1"/>
						<line number="857" hits="1" branch="true" condition-coverage="100% (2/2)"/>
						<line number="859" hits="1"/>
						<line number="861" hits="1"/>
						<line number="863" hits="1"/>
						<line number="865" hits="1"/>
						<line number="867" hits="1"/>
						<line number="869" hits="1"/>
						<line number="871" hits="1"/>
						<line number="873" hits="1"/>
						<line number="877" hits="1"/>
						<line number="881" hits="1"/>
						<line number="883" hits="1"/>
						<line number="885" hits="1"/>
						<line number="887" hits="1"/>
						<line number="891" hits="1"/>
						<line number="893" hits="1"/>
						<line number="905" hits="1"/>
						<line number="907" hits="1" branch="true" condition-coverage="100% (2/2)"/>
						<line number="909" hits="1"/>
						<line number="911" hits="1"/>
						<line number="923" hits="1"/>
						<line number="943" hits="1"/>
						<line number="947" hits="1"/>
						<line number="949" hits="1" branch="true" condition-coverage="50% (1/2)" missing-branches="951"/>
						<line number="951" hits="0"/>
						<line number="955" hits="1"/>
						<line number="957" hits="1" branch="true" condition-coverage="100% (2/2)"/>
						<line number="959" hits="1" branch="true" condition-coverage="50% (1/2)" missing-branches="961"/>
						<line number="961" hits="0"/>
						<line number="965" hits="1"/>
						<line number="967" hits="1" branch="true" condition-coverage="100% (2/2)"/>
						<line number="969" hits="1"/>
						<line number="971" hits="1" branch="true" condition-coverage="50% (1/2)" missing-branches="973"/>
						<line number="973" hits="0"/>
						<line number="975" hits="0"/>
						<line number="983" hits="0"/>
						<line number="985" hits="0"/>
						<line number="989" hits="1"/>
						<line number="991" hits="1" branch="true" condition-coverage="50% (1/2)" missing-branches="993"/>
						<line number="993" hits="0"/>
						<line number="995" hits="1"/>
						<line number="997" hits="1" branch="true" condition-coverage="100% (2/2)"/>
						<line number="999" hits="1"/>
						<line number="1001" hits="1"/>
						<line number="1003" hits="1" branch="true" condition-coverage="50% (1/2)" missing-branches="1005"/>
						<line number="1005" hits="0"/>
						<line number="1007" hits="1"/>
						<line number="1009" hits="1" branch="true" condition-coverage="50% (1/2)" missing-branches="1011"/>
						<line number="1011" hits="0"/>
						<line number="1013" hits="0"/>
						<line number="1015" hits="0"/>
						<line number="1017" hits="1"/>
						<line number="1019" hits="1"/>
						<line number="1023" hits="1" branch="true" condition-coverage="50% (1/2)" missing-branches="1025"/>
						<line number="1025" hits="0"/>
						<line number="1029" hits="1"/>
						<line number="1031" hits="1"/>
						<line number="1033" hits="1"/>
						<line number="1035" hits="1"/>
						<line number="1037" hits="0"/>
						<line number="1039" hits="0"/>
						<line number="1041" hits="1" branch="true" condition-coverage="50% (1/2)" missing-branches="1043"/>
						<line number="1043" hits="0"/>
						<line number="1049" hits="1"/>
						<line number="1051" hits="1" branch="true" condition-coverage="50% (1/2)" missing-branches="1053"/>
						<line number="1053" hits="0"/>
						<line number="1057" hits="1" branch="true" condition-coverage="100% (2/2)"/>
						<line number="1059" hits="1" branch="true" condition-coverage="50% (1/2)" missing-branches="1061"/>
						<line number="1061" hits="0"/>
						<line number="1063" hits="1"/>
						<line number="1073" hits="1" branch="true" condition-coverage="50% (1/2)" missing-branches="1075"/>
						<line number="1075" hits="0"/>
						<line number="1077" hits="1"/>
						<line number="1087" hits="1" branch="true" condition-coverage="50% (1/2)" missing-branches="1057"/>
						<line number="1089" hits="1"/>
						<line number="1103" hits="1"/>
						<line number="1115" hits="1" branch="true" condition-coverage="50% (1/2)" missing-branches="1117"/>
						<line number="1117" hits="0"/>
						<line number="1127" hits="0" branch="true" condition-coverage="0% (0/2)" missing-branches="1129,1139"/>
						<line number="1129" hits="0"/>
						<line number="1139" hits="0" branch="true" condition-coverage="0% (0/2)" missing-branches="997,1141"/>
						<line number="1141" hits="0"/>
						<line number="1143" hits="0" branch="true" condition-coverage="0% (0/2)" missing-branches="997,1145"/>
						<line number="1145" hits="0"/>
						<line number="1159" hits="1"/>
						<line number="1161" hits="1"/>
						<line number="1163" hits="1" branch="true" condition-coverage="100% (2/2)"/>
						<line number="1165" hits="1"/>
						<line number="1167" hits="1" branch="true" condition-coverage="50% (1/2)" missing-branches="1163"/>
						<line number="1169" hits="1"/>
						<line number="1171" hits="1"/>
						<line number="1173" hits="1"/>
						<line number="1181" hits="1"/>
						<line number="1183" hits="0"/>
						<line number="1185" hits="0"/>
						<line number="1187" hits="0"/>
						<line number="1191" hits="1"/>
						<line number="1193" hits="1" branch="true" condition-coverage="100% (2/2)"/>
						<line number="1195" hits="1"/>
						<line number="1197" hits="1" branch="true" condition-coverage="50% (1/2)" missing-branches="1193"/>
						<line number="1199" hits="1"/>
						<line number="1201" hits="1"/>
						<line number="1205" hits="1"/>
						<line number="1207" hits="1" branch="true" condition-coverage="100% (2/2)"/>
						<line number="1209" hits="1"/>
						<line number="1215" hits="1" branch="true" condition-coverage="100% (2/2)"/>
						<line number="1217" hits="1"/>
						<line number="1219" hits="1"/>
						<line number="1221" hits="1" branch="true" condition-coverage="100% (2/2)"/>
						<line number="1223" hits="1"/>
						<line number="1225" hits="1"/>
						<line number="1227" hits="1" branch="true" condition-coverage="50% (1/2)" missing-branches="1229"/>
						<line number="1229" hits="0"/>
						<line number="1231" hits="0"/>
						<line number="1233" hits="0"/>
						<line number="1235" hits="1"/>
						<line number="1237" hits="1"/>
						<line number="1241" hits="1"/>
						<line number="1243" hits="1"/>
						<line number="1245" hits="1" branch="true" condition-coverage="50% (1/2)" missing-branches="1247"/>
						<line number="1247" hits="0"/>
						<line number="1249" hits="0"/>
						<line number="1251" hits="1"/>
						<line number="1253" hits="1"/>
						<line number="1255" hits="0"/>
						<line number="1257" hits="0"/>
						<line number="1259" hits="1" branch="true" condition-coverage="50% (1/2)" missing-branches="1261"/>
						<line number="1261" hits="0"/>
						<line number="1263" hits="1"/>
						<line number="1265" hits="1" branch="true" condition-coverage="50% (1/2)" missing-branches="1267"/>
						<line number="1267" hits="0"/>
						<line number="1269" hits="1" branch="true" condition-coverage="100% (2/2)"/>
						<line number="1271" hits="1" branch="true" condition-coverage="50% (1/2)" missing-branches="1273"/>
						<line number="1273" hits="0"/>
						<line number="1275" hits="1"/>
						<line number="1285" hits="1" branch="true" condition-coverage="50% (1/2)" missing-branches="1287"/>
						<line number="1287" hits="0"/>
						<line number="1289" hits="1"/>
						<line number="1299" hits="1" branch="true" condition-coverage="50% (1/2)" missing-branches="1269"/>
						<line number="1301" hits="1"/>
						<line number="1315" hits="1"/>
						<line number="1325" hits="1" branch="true" condition-coverage="50% (1/2)" missing-branches="1327"/>
						<line number="1327" hits="0"/>
						<line number="1337" hits="0" branch="true" condition-coverage="0% (0/2)" missing-branches="1339,1349"/>
						<line number="1339" hits="0"/>
						<line number="1349" hits="0" branch="true" condition-coverage="0% (0/2)" missing-branches="1351,1353"/>
						<line number="1351" hits="0"/>
						<line number="1353" hits="0" branch="true" condition-coverage="0% (0/2)" missing-branches="1221,1355"/>
						<line number="1355" hits="0"/>
						<line number="1367" hits="1"/>
						<line number="1369" hits="1"/>
						<line number="1371" hits="1"/>
						<line number="1375" hits="1"/>
						<line number="1387" hits="1"/>
						<line number="1389" hits="1"/>
						<line number="1393" hits="1"/>
						<line number="1395" hits="1" branch="true" condition-coverage="100% (2/2)"/>
						<line number="1397" hits="1"/>
						<line number="1399" hits="1"/>
						<line number="1403" hits="1"/>
						<line number="1407" hits="1"/>
						<line number="1411" hits="1" branch="true" condition-coverage="50% (1/2)" missing-branches="1413"/>
						<line number="1413" hits="0"/>
						<line number="1415" hits="1"/>
						<line number="1419" hits="1"/>
						<line number="1423" hits="1" branch="true" condition-coverage="50% (1/2)" missing-branches="1429"/>
						<line number="1425" hits="1"/>
						<line number="1429" hits="0"/>
						<line number="1431" hits="0"/>
						<line number="1435" hits="1"/>
						<line number="1439" hits="1"/>
						<line number="1447" hits="1"/>
						<line number="1449" hits="1"/>
						<line number="1451" hits="1"/>
						<line number="1453" hits="1"/>
						<line number="1457" hits="1"/>
						<line number="1461" hits="1"/>
						<line number="1463" hits="1"/>
						<line number="1465" hits="1"/>
						<line number="1467" hits="1"/>
						<line number="1469" hits="1"/>
						<line number="1471" hits="1"/>
						<line number="1473" hits="1"/>
						<line number="1477" hits="1"/>
						<line number="1495" hits="1"/>
						<line number="1497" hits="1"/>
						<line number="1499" hits="1" branch="true" condition-coverage="50% (1/2)" missing-branches="1503"/>
						<line number="1503" hits="0" branch="true" condition-coverage="0% (0/2)" missing-branches="1505,1513"/>
						<line number="1505" hits="0"/>
						<line number="1507" hits="0"/>
						<line number="1509" hits="0" branch="true" condition-coverage="0% (0/2)" missing-branches="1511,1513"/>
						<line number="1511" hits="0"/>
						<line number="1513" hits="0" branch="true" condition-coverage="0% (0/2)" missing-branches="1515,1523"/>
						<line number="1515" hits="0"/>
						<line number="1517" hits="0"/>
						<line number="1519" hits="0" branch="true" condition-coverage="0% (0/2)" missing-branches="1521,1523"/>
						<line number="1521" hits="0"/>
						<line number="1523" hits="1"/>
						<line number="1525" hits="1"/>
						<line number="1527" hits="1"/>
						<line number="1529" hits="1"/>
						<line number="1531" hits="1" branch="true" condition-coverage="50% (1/2)" missing-branches="1533"/>
						<line number="1533" hits="0"/>
						<line number="1539" hits="1"/>
						<line number="1541" hits="1" branch="true" condition-coverage="100% (2/2)"/>
						<line number="1543" hits="1"/>
						<line number="1553" hits="1" branch="true" condition-coverage="50% (1/2)" missing-branches="1541"/>
						<line number="1555" hits="1"/>
						<line number="1559" hits="1" branch="true" condition-coverage="100% (2/2)"/>
						<line number="1561" hits="1"/>
						<line number="1571" hits="1"/>
						<line number="1573" hits="1" branch="true" condition-coverage="100% (2/2)"/>
						<line number="1575" hits="1"/>
						<line number="1577" hits="1"/>
						<line number="1579" hits="1"/>
						<line number="1581" hits="1"/>
						<line number="1583" hits="1" branch="true" condition-coverage="100% (2/2)"/>
						<line number="1585" hits="1" branch="true" condition-coverage="100% (2/2)"/>
						<line number="1587" hits="1"/>
						<line number="1589" hits="1" branch="true" condition-coverage="100% (2/2)"/>
						<line number="1591" hits="1"/>
						<line number="1593" hits="1" branch="true" condition-coverage="100% (2/2)"/>
						<line number="1595" hits="1"/>
						<line number="1597" hits="1" branch="true" condition-coverage="50% (1/2)" missing-branches="1583"/>
						<line number="1599" hits="1"/>
						<line number="1607" hits="1" branch="true" condition-coverage="100% (2/2)"/>
						<line number="1609" hits="1"/>
						<line number="1621" hits="1"/>
						<line number="1629" hits="1"/>
						<line number="1637" hits="1"/>
						<line number="1639" hits="1" branch="true" condition-coverage="100% (2/2)"/>
						<line number="1641" hits="1" branch="true" condition-coverage="100% (2/2)"/>
						<line number="1643" hits="1"/>
						<line number="1645" hits="1"/>
						<line number="1647" hits="1"/>
						<line number="1649" hits="1"/>
						<line number="1673" hits="1"/>
						<line number="1677" hits="1"/>
						<line number="1679" hits="1"/>
						<line number="1681" hits="1"/>
					</lines>
				</class>
				<class name="grid.py" filename="integrations/grid.py" complexity="0" line-rate="0.975" branch-rate="0.9">
					<methods/>
					<lines>
						<line number="3" hits="1"/>
						<line number="5" hits="1"/>
						<line number="9" hits="1"/>
						<line number="15" hits="1"/>
						<line number="17" hits="1"/>
						<line number="19" hits="1"/>
						<line number="21" hits="1"/>
						<line number="23" hits="1"/>
						<line number="25" hits="1"/>
						<line number="27" hits="1"/>
						<line number="43" hits="1"/>
						<line number="45" hits="1"/>
						<line number="47" hits="1" branch="true" condition-coverage="50% (1/2)" missing-branches="49"/>
						<line number="49" hits="0"/>
						<line number="57" hits="1"/>
						<line number="61" hits="1"/>
						<line number="65" hits="1"/>
						<line number="67" hits="1"/>
						<line number="85" hits="1"/>
						<line number="87" hits="1"/>
						<line number="91" hits="1"/>
						<line number="93" hits="1"/>
						<line number="95" hits="1"/>
						<line number="107" hits="1"/>
						<line number="111" hits="1"/>
						<line number="113" hits="1"/>
						<line number="125" hits="1" branch="true" condition-coverage="100% (2/2)"/>
						<line number="127" hits="1"/>
						<line number="129" hits="1"/>
						<line number="133" hits="1"/>
						<line number="135" hits="1"/>
						<line number="137" hits="1"/>
						<line number="141" hits="1"/>
						<line number="145" hits="1" branch="true" condition-coverage="100% (2/2)"/>
						<line number="147" hits="1"/>
						<line number="149" hits="1" branch="true" condition-coverage="100% (2/2)"/>
						<line number="151" hits="1"/>
						<line number="157" hits="1" branch="true" condition-coverage="100% (2/2)"/>
						<line number="159" hits="1"/>
						<line number="165" hits="1"/>
					</lines>
				</class>
				<class name="oauth_token_cache.py" filename="integrations/oauth_token_cache.py" complexity="0" line-rate="0.9841" branch-rate="0.9444">
					<methods/>
					<lines>
						<line number="59" hits="1"/>
						<line number="63" hits="1"/>
						<line number="65" hits="1"/>
						<line number="67" hits="1"/>
						<line number="69" hits="1"/>
						<line number="73" hits="1"/>
						<line number="77" hits="1"/>
						<line number="81" hits="1"/>
						<line number="83" hits="1"/>
						<line number="89" hits="1"/>
						<line number="107" hits="1"/>
						<line number="135" hits="1" branch="true" condition-coverage="100% (2/2)"/>
						<line number="137" hits="1"/>
						<line number="139" hits="1" branch="true" condition-coverage="50% (1/2)" missing-branches="141"/>
						<line number="141" hits="0"/>
						<line number="143" hits="1"/>
						<line number="145" hits="1"/>
						<line number="147" hits="1"/>
						<line number="149" hits="1"/>
						<line number="151" hits="1"/>
						<line number="153" hits="1"/>
						<line number="155" hits="1"/>
						<line number="157" hits="1"/>
						<line number="159" hits="1"/>
						<line number="167" hits="1"/>
						<line number="169" hits="1"/>
						<line number="173" hits="1"/>
						<line number="177" hits="1"/>
						<line number="181" hits="1"/>
						<line number="183" hits="1" branch="true" condition-coverage="100% (2/2)"/>
						<line number="185" hits="1"/>
						<line number="187" hits="1"/>
						<line number="191" hits="1"/>
						<line number="193" hits="1" branch="true" condition-coverage="100% (2/2)"/>
						<line number="195" hits="1"/>
						<line number="197" hits="1"/>
						<line number="201" hits="1"/>
						<line number="213" hits="1"/>
						<line number="215" hits="1"/>
						<line number="217" hits="1" branch="true" condition-coverage="100% (2/2)"/>
						<line number="219" hits="1"/>
						<line number="223" hits="1"/>
						<line number="225" hits="1" branch="true" condition-coverage="100% (2/2)"/>
						<line number="227" hits="1"/>
						<line number="229" hits="1" branch="true" condition-coverage="100% (2/2)"/>
						<line number="231" hits="1"/>
						<line number="235" hits="1"/>
						<line number="239" hits="1"/>
						<line number="241" hits="1"/>
						<line number="253" hits="1"/>
						<line number="255" hits="1"/>
						<line number="257" hits="1" branch="true" condition-coverage="100% (2/2)"/>
						<line number="259" hits="1"/>
						<line number="273" hits="1"/>
						<line number="285" hits="1"/>
						<line number="287" hits="1"/>
						<line number="289" hits="1"/>
						<line number="291" hits="1" branch="true" condition-coverage="100% (2/2)"/>
						<line number="293" hits="1"/>
						<line number="295" hits="1"/>
						<line number="297" hits="1"/>
						<line number="299" hits="1"/>
						<line number="305" hits="1"/>
					</lines>
				</class>
				<class name="sigreen.py" filename="integrations/sigreen.py" complexity="0" line-rate="0.9198" branch-rate="0.8">
					<methods/>
					<lines>
						<line number="3" hits="1"/>
						<line number="5" hits="1"/>
						<line number="7" hits="1"/>
						<line number="9" hits="1"/>
						<line number="11" hits="1"/>
						<line number="13" hits="1"/>
						<line number="17" hits="1"/>
						<line number="19" hits="1"/>
						<line number="33" hits="1"/>
						<line number="35" hits="0"/>
						<line number="41" hits="1"/>
						<line number="57" hits="1"/>
						<line number="59" hits="1"/>
						<line number="63" hits="1"/>
						<line number="65" hits="1" branch="true" condition-coverage="50% (1/2)" missing-branches="67"/>
						<line number="67" hits="0"/>
						<line number="69" hits="0"/>
						<line number="71" hits="0"/>
						<line number="73" hits="1"/>
						<line number="79" hits="1"/>
						<line number="81" hits="1"/>
						<line number="87" hits="1"/>
						<line number="89" hits="1"/>
						<line number="101" hits="1"/>
						<line number="121" hits="1"/>
						<line number="125" hits="1"/>
						<line number="131" hits="1"/>
						<line number="135" hits="1"/>
						<line number="137" hits="1"/>
						<line number="141" hits="1"/>
						<line number="143" hits="1"/>
						<line number="145" hits="1"/>
						<line number="151" hits="1"/>
						<line number="165" hits="1"/>
						<line number="171" hits="1"/>
						<line number="175" hits="1"/>
						<line number="177" hits="1"/>
						<line number="179" hits="1" branch="true" condition-coverage="100% (2/2)"/>
						<line number="181" hits="1"/>
						<line number="183" hits="1"/>
						<line number="189" hits="1"/>
						<line number="193" hits="1"/>
						<line number="199" hits="1"/>
						<line number="205" hits="1"/>
						<line number="207" hits="1"/>
						<line number="209" hits="1"/>
						<line number="211" hits="1"/>
						<line number="213" hits="1"/>
						<line number="215" hits="1" branch="true" condition-coverage="100% (2/2)"/>
						<line number="217" hits="1"/>
						<line number="221" hits="1"/>
						<line number="225" hits="1"/>
						<line number="235" hits="1" branch="true" condition-coverage="100% (2/2)"/>
						<line number="237" hits="1"/>
						<line number="239" hits="1"/>
						<line number="241" hits="1"/>
						<line number="243" hits="1"/>
						<line number="245" hits="1"/>
						<line number="247" hits="1"/>
						<line number="251" hits="1"/>
						<line number="255" hits="1"/>
						<line number="263" hits="1"/>
						<line number="265" hits="1"/>
						<line number="271" hits="1"/>
						<line number="283" hits="1"/>
						<line number="285" hits="1" branch="true" condition-coverage="100% (2/2)"/>
						<line number="287" hits="1"/>
						<line number="289" hits="1"/>
						<line number="291" hits="1"/>
						<line number="293" hits="1" branch="true" condition-coverage="100% (2/2)"/>
						<line number="295" hits="1" branch="true" condition-coverage="100% (2/2)"/>
						<line number="297" hits="1"/>
						<line number="299" hits="1" branch="true" condition-coverage="100% (2/2)"/>
						<line number="301" hits="1"/>
						<line number="303" hits="1" branch="true" condition-coverage="100% (2/2)"/>
						<line number="305" hits="1"/>
						<line number="307" hits="1"/>
						<line number="311" hits="1"/>
						<line number="315" hits="1"/>
						<line number="323" hits="1"/>
						<line number="325" hits="1"/>
						<line number="329" hits="1"/>
						<line number="333" hits="1"/>
						<line number="343" hits="1"/>
						<line number="345" hits="1"/>
						<line number="347" hits="1"/>
						<line number="349" hits="1" branch="true" condition-coverage="100% (2/2)"/>
						<line number="351" hits="1"/>
						<line number="355" hits="1"/>
						<line number="357" hits="1"/>
						<line number="365" hits="1"/>
						<line number="367" hits="1" branch="true" condition-coverage="100% (2/2)"/>
						<line number="369" hits="1" branch="true" condition-coverage="100% (2/2)"/>
						<line number="371" hits="1" branch="true" condition-coverage="100% (2/2)"/>
						<line number="373" hits="1"/>
						<line number="375" hits="1" branch="true" condition-coverage="50% (1/2)" missing-branches="377"/>
						<line number="377" hits="0"/>
						<line number="379" hits="0"/>
						<line number="381" hits="0"/>
						<line number="383" hits="1"/>
						<line number="391" hits="1"/>
						<line number="395" hits="1"/>
						<line number="397" hits="1" branch="true" condition-coverage="100% (2/2)"/>
						<line number="399" hits="1"/>
						<line number="401" hits="1" branch="true" condition-coverage="100% (2/2)"/>
						<line number="403" hits="1"/>
						<line number="405" hits="1"/>
						<line number="417" hits="1"/>
						<line number="419" hits="1"/>
						<line number="423" hits="1"/>
						<line number="427" hits="1" branch="true" condition-coverage="50% (1/2)" missing-branches="433"/>
						<line number="429" hits="1"/>
						<line number="433" hits="1"/>
						<line number="435" hits="1"/>
						<line number="437" hits="1" branch="true" condition-coverage="100% (2/2)"/>
						<line number="439" hits="1" branch="true" condition-coverage="50% (1/2)" missing-branches="441"/>
						<line number="441" hits="0"/>
						<line number="443" hits="1"/>
						<line number="445" hits="1"/>
						<line number="447" hits="1"/>
						<line number="449" hits="0"/>
						<line number="451" hits="0"/>
						<line number="453" hits="1"/>
						<line number="455" hits="1" branch="true" condition-coverage="100% (2/2)"/>
						<line number="457" hits="1"/>
						<line number="459" hits="1" branch="true" condition-coverage="50% (1/2)" missing-branches="437"/>
						<line number="461" hits="1" branch="true" condition-coverage="50% (1/2)" missing-branches="459"/>
						<line number="463" hits="1" branch="true" condition-coverage="50% (1/2)" missing-branches="461"/>
						<line number="465" hits="1"/>
						<line number="469" hits="1"/>
[...]
						<line number="93" hits="1"/>
						<line number="95" hits="1"/>
						<line number="99" hits="1"/>
						<line number="105" hits="1" branch="true" condition-coverage="100% (2/2)"/>
						<line number="107" hits="1"/>
						<line number="123" hits="1" branch="true" condition-coverage="100% (2/2)"/>
						<line number="125" hits="1"/>
						<line number="127" hits="1" branch="true" condition-coverage="100% (2/2)"/>
						<line number="129" hits="1"/>
						<line number="131" hits="1"/>
						<line number="147" hits="1" branch="true" condition-coverage="100% (2/2)"/>
						<line number="149" hits="1" branch="true" condition-coverage="100% (2/2)"/>
						<line number="151" hits="1"/>
						<line number="153" hits="1"/>
						<line number="167" hits="1"/>
						<line number="187" hits="1"/>
						<line number="189" hits="1"/>
						<line number="191" hits="1"/>
						<line number="193" hits="1"/>
						<line number="195" hits="1" branch="true" condition-coverage="100% (2/2)"/>
						<line number="197" hits="1"/>
						<line number="199" hits="1"/>
						<line number="201" hits="1" branch="true" condition-coverage="100% (2/2)"/>
						<line number="203" hits="1"/>
						<line number="205" hits="1"/>
					</lines>
				</class>
				<class name="pcf_service.py" filename="services/pcf_service.py" complexity="0" line-rate="0.9839" branch-rate="1">
					<methods/>
					<lines>
						<line number="17" hits="1"/>
						<line number="21" hits="1"/>
						<line number="23" hits="1"/>
						<line number="25" hits="1"/>
						<line number="27" hits="1"/>
						<line number="29" hits="1"/>
						<line number="33" hits="1"/>
						<line number="37" hits="1"/>
						<line number="39" hits="1"/>
						<line number="41" hits="1"/>
						<line number="43" hits="1"/>
						<line number="45" hits="1"/>
						<line number="47" hits="1"/>
						<line number="49" hits="1"/>
						<line number="51" hits="1"/>
						<line number="55" hits="1"/>
						<line number="61" hits="1"/>
						<line number="65" hits="0"/>
						<line number="71" hits="1"/>
						<line number="73" hits="1"/>
						<line number="79" hits="1"/>
						<line number="91" hits="1"/>
						<line number="93" hits="1"/>
						<line number="103" hits="1"/>
						<line number="129" hits="1"/>
						<line number="143" hits="1"/>
						<line number="145" hits="1"/>
						<line number="147" hits="1"/>
						<line number="149" hits="1"/>
						<line number="151" hits="1" branch="true" condition-coverage="100% (2/2)"/>
						<line number="153" hits="1"/>
						<line number="155" hits="1"/>
						<line number="157" hits="1"/>
						<line number="159" hits="1"/>
						<line number="161" hits="1"/>
						<line number="165" hits="1" branch="true" condition-coverage="100% (2/2)"/>
						<line number="167" hits="1"/>
						<line number="171" hits="1" branch="true" condition-coverage="100% (2/2)"/>
						<line number="173" hits="1"/>
						<line number="185" hits="1"/>
						<line number="187" hits="1"/>
						<line number="189" hits="1" branch="true" condition-coverage="100% (2/2)"/>
						<line number="191" hits="1"/>
						<line number="193" hits="1"/>
						<line number="195" hits="1"/>
						<line number="197" hits="1"/>
						<line number="199" hits="1"/>
						<line number="201" hits="1"/>
						<line number="209" hits="1"/>
						<line number="211" hits="1"/>
						<line number="213" hits="1"/>
						<line number="215" hits="1" branch="true" condition-coverage="100% (2/2)"/>
						<line number="217" hits="1"/>
						<line number="225" hits="1"/>
						<line number="227" hits="1"/>
						<line number="229" hits="1"/>
						<line number="233" hits="1"/>
						<line number="243" hits="1"/>
						<line number="247" hits="1"/>
						<line number="249" hits="1"/>
						<line number="251" hits="1"/>
						<line number="253" hits="1"/>
					</lines>
				</class>
				<class name="security_service.py" filename="services/security_service.py" complexity="0" line-rate="1" branch-rate="0.9118">
					<methods/>
					<lines>
						<line number="3" hits="1"/>
						<line number="7" hits="1"/>
						<line number="9" hits="1"/>
						<line number="11" hits="1"/>
						<line number="13" hits="1"/>
						<line number="17" hits="1"/>
						<line number="19" hits="1"/>
						<line number="21" hits="1"/>
						<line number="25" hits="1"/>
						<line number="29" hits="1"/>
						<line number="33" hits="1"/>
						<line number="35" hits="1"/>
						<line number="37" hits="1"/>
						<line number="39" hits="1"/>
						<line number="45" hits="1"/>
						<line number="49" hits="1"/>
						<line number="51" hits="1"/>
						<line number="57" hits="1"/>
						<line number="61" hits="1"/>
						<line number="63" hits="1"/>
						<line number="69" hits="1"/>
						<line number="71" hits="1"/>
						<line number="85" hits="1"/>
						<line number="87" hits="1"/>
						<line number="101" hits="1"/>
						<line number="113" hits="1"/>
						<line number="121" hits="1"/>
						<line number="127" hits="1"/>
						<line number="131" hits="1" branch="true" condition-coverage="100% (2/2)"/>
						<line number="133" hits="1"/>
						<line number="135" hits="1"/>
						<line number="137" hits="1"/>
						<line number="139" hits="1"/>
						<line number="141" hits="1"/>
						<line number="145" hits="1" branch="true" condition-coverage="100% (2/2)"/>
						<line number="147" hits="1"/>
						<line number="149" hits="1"/>
						<line number="151" hits="1"/>
						<line number="153" hits="1"/>
						<line number="155" hits="1" branch="true" condition-coverage="100% (2/2)"/>
						<line number="157" hits="1"/>
						<line number="159" hits="1"/>
						<line number="161" hits="1"/>
						<line number="163" hits="1" branch="true" condition-coverage="100% (2/2)"/>
						<line number="165" hits="1"/>
						<line number="169" hits="1"/>
						<line number="173" hits="1" branch="true" condition-coverage="100% (2/2)"/>
						<line number="175" hits="1" branch="true" condition-coverage="100% (2/2)"/>
						<line number="177" hits="1"/>
						<line number="179" hits="1"/>
						<line number="181" hits="1" branch="true" condition-coverage="100% (2/2)"/>
						<line number="183" hits="1"/>
						<line number="185" hits="1"/>
						<line number="191" hits="1" branch="true" condition-coverage="50% (1/2)" missing-branches="203"/>
						<line number="193" hits="1"/>
						<line number="195" hits="1" branch="true" condition-coverage="50% (1/2)" missing-branches="203"/>
						<line number="197" hits="1"/>
						<line number="199" hits="1" branch="true" condition-coverage="100% (2/2)"/>
						<line number="201" hits="1"/>
						<line number="203" hits="1"/>
						<line number="209" hits="1"/>
						<line number="211" hits="1"/>
						<line number="217" hits="1"/>
						<line number="219" hits="1"/>
						<line number="221" hits="1"/>
						<line number="223" hits="1"/>
						<line number="225" hits="1"/>
						<line number="227" hits="1"/>
						<line number="233" hits="1"/>
						<line number="243" hits="1"/>
						<line number="249" hits="1"/>
						<line number="257" hits="1" branch="true" condition-coverage="100% (2/2)"/>
						<line number="259" hits="1"/>
						<line number="269" hits="1"/>
						<line number="275" hits="1"/>
						<line number="279" hits="1"/>
						<line number="281" hits="1" branch="true" condition-coverage="100% (2/2)"/>
						<line number="283" hits="1"/>
						<line number="291" hits="1"/>
						<line number="293" hits="1" branch="true" condition-coverage="100% (2/2)"/>
						<line number="295" hits="1"/>
						<line number="303" hits="1"/>
						<line number="309" hits="1"/>
						<line number="313" hits="1"/>
						<line number="315" hits="1"/>
						<line number="319" hits="1" branch="true" condition-coverage="100% (2/2)"/>
						<line number="321" hits="1"/>
						<line number="329" hits="1"/>
						<line number="335" hits="1"/>
						<line number="339" hits="1" branch="true" condition-coverage="100% (2/2)"/>
						<line number="341" hits="1"/>
						<line number="343" hits="1" branch="true" condition-coverage="50% (1/2)" missing-branches="347"/>
						<line number="345" hits="1"/>
						<line number="347" hits="1" branch="true" condition-coverage="100% (2/2)"/>
						<line number="349" hits="1"/>
						<line number="351" hits="1"/>
						<line number="357" hits="1"/>
						<line number="361" hits="1"/>
						<line number="379" hits="1"/>
						<line number="383" hits="1"/>
						<line number="399" hits="1"/>
						<line number="401" hits="1"/>
						<line number="419" hits="1"/>
						<line number="421" hits="1"/>
					</lines>
				</class>
				<class name="sigreen_factory.py" filename="services/sigreen_factory.py" complexity="0" line-rate="1" branch-rate="1">
					<methods/>
					<lines>
						<line number="5" hits="1"/>
						<line number="9" hits="1"/>
						<line number="11" hits="1"/>
						<line number="15" hits="1"/>
						<line number="25" hits="1"/>
						<line number="31" hits="1"/>
						<line number="33" hits="1"/>
						<line number="39" hits="1"/>
						<line number="41" hits="1"/>
						<line number="47" hits="1"/>
						<line number="51" hits="1"/>
						<line number="53" hits="1"/>
						<line number="55" hits="1"/>
						<line number="59" hits="1"/>
						<line number="73" hits="1"/>
						<line number="77" hits="1"/>
						<line number="79" hits="1" branch="true" condition-coverage="100% (2/2)"/>
						<line number="81" hits="1"/>
						<line number="83" hits="1"/>
						<line number="85" hits="1"/>
						<line number="87" hits="1"/>
						<line number="89" hits="1"/>
						<line number="91" hits="1"/>
						<line number="95" hits="1"/>
						<line number="97" hits="1"/>
						<line number="99" hits="1"/>
						<line number="101" hits="1"/>
						<line number="103" hits="1"/>
						<line number="109" hits="1"/>
						<line number="113" hits="1"/>
						<line number="115" hits="1"/>
						<line number="117" hits="1"/>
						<line number="121" hits="1"/>
						<line number="123" hits="1"/>
						<line number="133" hits="1" branch="true" condition-coverage="100% (2/2)"/>
						<line number="135" hits="1"/>
						<line number="145" hits="1"/>
					</lines>
				</class>
				<class name="user_directory_service.py" filename="services/user_directory_service.py" complexity="0" line-rate="0.9907" branch-rate="0.9091">
					<methods/>
					<lines>
						<line number="11" hits="1"/>
						<line number="15" hits="1"/>
						<line number="17" hits="1"/>
						<line number="19" hits="1"/>
						<line number="21" hits="1"/>
						<line number="25" hits="1"/>
						<line number="27" hits="1"/>
						<line number="31" hits="1"/>
						<line number="35" hits="1"/>
						<line number="41" hits="1"/>
						<line number="43" hits="1"/>
						<line number="59" hits="1"/>
						<line number="61" hits="1"/>
						<line number="67" hits="1"/>
						<line number="69" hits="1"/>
						<line number="71" hits="1" branch="true" condition-coverage="100% (2/2)"/>
						<line number="73" hits="1"/>
						<line number="75" hits="1"/>
						<line number="77" hits="1" branch="true" condition-coverage="100% (2/2)"/>
						<line number="79" hits="1"/>
						<line number="81" hits="1" branch="true" condition-coverage="100% (2/2)"/>
						<line number="83" hits="1"/>
						<line number="85" hits="1"/>
						<line number="91" hits="1"/>
						<line number="93" hits="1"/>
						<line number="95" hits="1"/>
						<line number="97" hits="1" branch="true" condition-coverage="100% (2/2)"/>
						<line number="99" hits="1"/>
						<line number="101" hits="1"/>
						<line number="107" hits="1"/>
						<line number="109" hits="1"/>
						<line number="115" hits="1"/>
						<line number="117" hits="1"/>
						<line number="119" hits="1" branch="true" condition-coverage="100% (2/2)"/>
						<line number="121" hits="1" branch="true" condition-coverage="50% (1/2)" missing-branches="119"/>
						<line number="123" hits="1"/>
						<line number="125" hits="1"/>
						<line number="131" hits="1"/>
						<line number="133" hits="1"/>
						<line number="135" hits="1"/>
						<line number="141" hits="1"/>
						<line number="145" hits="1"/>
						<line number="147" hits="1"/>
						<line number="153" hits="1"/>
						<line number="157" hits="1"/>
						<line number="161" hits="1"/>
						<line number="163" hits="1" branch="true" condition-coverage="100% (2/2)"/>
						<line number="165" hits="1"/>
						<line number="167" hits="1"/>
						<line number="169" hits="1" branch="true" condition-coverage="100% (2/2)"/>
						<line number="171" hits="1"/>
						<line number="173" hits="1" branch="true" condition-coverage="100% (2/2)"/>
						<line number="175" hits="1"/>
						<line number="177" hits="1" branch="true" condition-coverage="50% (1/2)" missing-branches="183"/>
						<line number="179" hits="1" branch="true" condition-coverage="50% (1/2)" missing-branches="177"/>
						<line number="181" hits="1"/>
						<line number="183" hits="0"/>
						<line number="189" hits="1"/>
						<line number="191" hits="1"/>
						<line number="195" hits="1" branch="true" condition-coverage="100% (2/2)"/>
						<line number="197" hits="1"/>
						<line number="199" hits="1"/>
						<line number="201" hits="1" branch="true" condition-coverage="100% (2/2)"/>
						<line number="203" hits="1"/>
						<line number="205" hits="1"/>
						<line number="207" hits="1" branch="true" condition-coverage="100% (2/2)"/>
						<line number="209" hits="1"/>
						<line number="211" hits="1" branch="true" condition-coverage="100% (2/2)"/>
						<line number="213" hits="1" branch="true" condition-coverage="50% (1/2)" missing-branches="211"/>
						<line number="215" hits="1"/>
						<line number="217" hits="1"/>
						<line number="219" hits="1"/>
						<line number="225" hits="1"/>
						<line number="241" hits="1"/>
						<line number="243" hits="1"/>
						<line number="245" hits="1"/>
						<line number="247" hits="1" branch="true" condition-coverage="100% (2/2)"/>
						<line number="249" hits="1"/>
						<line number="251" hits="1"/>
						<line number="253" hits="1" branch="true" condition-coverage="100% (2/2)"/>
						<line number="255" hits="1"/>
						<line number="257" hits="1"/>
						<line number="259" hits="1"/>
						<line number="261" hits="1"/>
						<line number="275" hits="1" branch="true" condition-coverage="100% (2/2)"/>
						<line number="277" hits="1"/>
						<line number="279" hits="1"/>
						<line number="283" hits="1"/>
						<line number="285" hits="1"/>
						<line number="287" hits="1"/>
						<line number="293" hits="1"/>
						<line number="295" hits="1"/>
						<line number="297" hits="1"/>
						<line number="299" hits="1"/>
						<line number="301" hits="1"/>
						<line number="303" hits="1" branch="true" condition-coverage="100% (2/2)"/>
						<line number="305" hits="1"/>
						<line number="307" hits="1"/>
						<line number="309" hits="1"/>
						<line number="315" hits="1"/>
						<line number="319" hits="1"/>
						<line number="321" hits="1" branch="true" condition-coverage="100% (2/2)"/>
						<line number="323" hits="1"/>
						<line number="325" hits="1"/>
						<line number="327" hits="1"/>
						<line number="329" hits="1" branch="true" condition-coverage="100% (2/2)"/>
						<line number="331" hits="1"/>
						<line number="333" hits="1"/>
					</lines>
				</class>
			</classes>
		</package>
		<package name="storage" line-rate="0.949" branch-rate="0.9615" complexity="0">
			<classes>
				<class name="__init__.py" filename="storage/__init__.py" complexity="0" line-rate="1" branch-rate="1">
					<methods/>
					<lines>
						<line number="3" hits="1"/>
						<line number="7" hits="1"/>
					</lines>
				</class>
				<class name="json_store.py" filename="storage/json_store.py" complexity="0" line-rate="0.9479" branch-rate="0.9615">
					<methods/>
					<lines>
						<line number="23" hits="1"/>
						<line number="27" hits="1"/>
						<line number="29" hits="1"/>
						<line number="31" hits="1"/>
						<line number="33" hits="1"/>
						<line number="35" hits="1"/>
						<line number="39" hits="1"/>
						<line number="43" hits="1"/>
						<line number="49" hits="1"/>
						<line number="51" hits="1"/>
						<line number="67" hits="1"/>
						<line number="69" hits="1"/>
						<line number="71" hits="1"/>
						<line number="73" hits="1"/>
						<line number="83" hits="1"/>
						<line number="85" hits="1" branch="true" condition-coverage="100% (2/2)"/>
						<line number="87" hits="1"/>
						<line number="89" hits="1" branch="true" condition-coverage="100% (2/2)"/>
						<line number="91" hits="1"/>
						<line number="93" hits="1"/>
						<line number="95" hits="1"/>
						<line number="97" hits="1" branch="true" condition-coverage="100% (2/2)"/>
						<line number="99" hits="1"/>
						<line number="101" hits="1"/>
						<line number="103" hits="1"/>
						<line number="107" hits="1"/>
						<line number="111" hits="1" branch="true" condition-coverage="100% (2/2)"/>
						<line number="113" hits="1"/>
						<line number="117" hits="1"/>
						<line number="119" hits="1" branch="true" condition-coverage="100% (2/2)"/>
						<line number="121" hits="1"/>
						<line number="131" hits="1"/>
						<line number="133" hits="1"/>
						<line number="137" hits="1"/>
						<line number="139" hits="1"/>
						<line number="143" hits="1"/>
						<line number="145" hits="1" branch="true" condition-coverage="100% (2/2)"/>
						<line number="147" hits="1"/>
						<line number="149" hits="1"/>
						<line number="151" hits="1"/>
						<line number="153" hits="1"/>
						<line number="155" hits="1"/>
						<line number="157" hits="1"/>
						<line number="159" hits="1"/>
						<line number="161" hits="1"/>
						<line number="165" hits="1"/>
						<line number="167" hits="1"/>
						<line number="169" hits="1"/>
						<line number="171" hits="1"/>
						<line number="173" hits="1"/>
						<line number="177" hits="1"/>
						<line number="179" hits="1"/>
						<line number="181" hits="1"/>
						<line number="183" hits="1"/>
						<line number="187" hits="1"/>
						<line number="189" hits="1"/>
						<line number="191" hits="1" branch="true" condition-coverage="100% (2/2)"/>
						<line number="193" hits="1"/>
						<line number="195" hits="1"/>
						<line number="197" hits="1" branch="true" condition-coverage="100% (2/2)"/>
						<line number="199" hits="1"/>
						<line number="201" hits="1"/>
						<line number="203" hits="1"/>
						<line number="205" hits="1"/>
						<line number="207" hits="1"/>
						<line number="209" hits="1" branch="true" condition-coverage="100% (2/2)"/>
						<line number="211" hits="1"/>
						<line number="213" hits="1" branch="true" condition-coverage="100% (2/2)"/>
						<line number="215" hits="1"/>
						<line number="219" hits="1"/>
						<line number="221" hits="1"/>
						<line number="225" hits="1"/>
						<line number="227" hits="1"/>
						<line number="229" hits="1" branch="true" condition-coverage="50% (1/2)" missing-branches="231"/>
						<line number="231" hits="0"/>
						<line number="233" hits="1" branch="true" condition-coverage="100% (2/2)"/>
						<line number="235" hits="1"/>
						<line number="237" hits="1"/>
						<line number="249" hits="1"/>
						<line number="251" hits="1"/>
						<line number="253" hits="1" branch="true" condition-coverage="100% (2/2)"/>
						<line number="255" hits="1"/>
						<line number="259" hits="1"/>
						<line number="265" hits="1"/>
						<line number="267" hits="1"/>
						<line number="269" hits="1"/>
						<line number="271" hits="0"/>
						<line number="273" hits="1"/>
						<line number="275" hits="1"/>
						<line number="277" hits="0"/>
						<line number="289" hits="1"/>
						<line number="293" hits="1"/>
						<line number="295" hits="1"/>
						<line number="297" hits="0"/>
						<line number="299" hits="0"/>
						<line number="301" hits="1"/>
					</lines>
				</class>
			</classes>
		</package>
	</packages>
</coverage>
